2020-06-16T21:33:47.904+00:00 DEBU CBAS.server.HttpServer [main] The output direct memory budget for this server is 589824 bytes
2020-06-16T21:33:47.918+00:00 DEBU CBAS.server.HttpServer [main] The "estimated" input direct memory budget for this server is 71303168 bytes
2020-06-16T21:33:48.157+00:00 DEBU CBAS.server.ServletRegistry [main] registering servlet AuthenticatedServlet{delegate=org.apache.asterix.api.http.server.ShutdownApiServlet}[com.couchbase.analytics.servlet.AuthenticatedServlet] with path /analytics/cluster/restart
2020-06-16T21:33:48.171+00:00 DEBU CBAS.server.ServletRegistry [main] registering servlet AuthenticatedServlet{delegate=com.couchbase.analytics.servlet.ClusterDiagnosticsServlet}[com.couchbase.analytics.servlet.AuthenticatedServlet] with path /analytics/diagnostics
2020-06-16T21:33:48.178+00:00 DEBU CBAS.server.ServletRegistry [main] registering servlet AuthenticatedServlet{delegate=com.couchbase.analytics.servlet.ClusterDiagnosticsServlet}[com.couchbase.analytics.servlet.AuthenticatedServlet] with path /analytics/cluster/diagnostics
2020-06-16T21:33:48.209+00:00 DEBU CBAS.server.ServletRegistry [main] registering servlet AuthenticatedServlet{delegate=com.couchbase.analytics.servlet.CbasClusterApiServlet}[com.couchbase.analytics.servlet.AuthenticatedServlet] with path /analytics/cluster/*
2020-06-16T21:33:48.213+00:00 DEBU CBAS.server.ServletRegistry [main] registering servlet AuthenticatedServlet{delegate=org.apache.asterix.api.http.server.NodeControllerDetailsApiServlet}[com.couchbase.analytics.servlet.AuthenticatedServlet] with path /analytics/cluster/node/*
2020-06-16T21:33:48.223+00:00 DEBU CBAS.server.ServletRegistry [main] registering servlet AuthenticatedServlet{delegate=org.apache.asterix.api.http.server.ClusterControllerDetailsApiServlet}[com.couchbase.analytics.servlet.AuthenticatedServlet] with path /analytics/cluster/cc/*
2020-06-16T21:33:48.277+00:00 DEBU CBAS.server.ServletRegistry [main] registering servlet AuthenticatedServlet{delegate=com.couchbase.analytics.servlet.QueryConsoleServlet}[com.couchbase.analytics.servlet.AuthenticatedServlet] with path /analytics/console/*
2020-06-16T21:33:48.278+00:00 DEBU CBAS.server.ServletRegistry [main] registering servlet AuthenticatedServlet{delegate=com.couchbase.analytics.servlet.QueryConsoleServlet}[com.couchbase.analytics.servlet.AuthenticatedServlet] with path /webui/*
2020-06-16T21:33:48.289+00:00 DEBU CBAS.server.ServletRegistry [main] registering servlet AuthenticatedServlet{delegate=com.couchbase.analytics.servlet.RebalanceServlet}[com.couchbase.analytics.servlet.AuthenticatedServlet] with path /analytics/admin/rebalance/*
2020-06-16T21:33:48.302+00:00 DEBU CBAS.server.ServletRegistry [main] registering servlet AuthenticatedServlet{delegate=com.couchbase.analytics.servlet.CcConfigServlet}[com.couchbase.analytics.servlet.AuthenticatedServlet] with path /analytics/cc/config
2020-06-16T21:33:48.308+00:00 DEBU CBAS.server.ServletRegistry [main] registering servlet AuthenticatedServlet{delegate=com.couchbase.analytics.servlet.LoggingServlet}[com.couchbase.analytics.servlet.AuthenticatedServlet] with path /analytics/cluster/logging/*
2020-06-16T21:33:48.321+00:00 DEBU CBAS.server.ServletRegistry [main] registering servlet AuthenticatedServlet{delegate=com.couchbase.analytics.servlet.BackupServlet}[com.couchbase.analytics.servlet.AuthenticatedServlet] with path /analytics/backup
2020-06-16T21:33:48.329+00:00 DEBU CBAS.server.ServletRegistry [main] registering servlet AuthenticatedServlet{delegate=com.couchbase.analytics.servlet.BucketStatesServlet}[com.couchbase.analytics.servlet.AuthenticatedServlet] with path /analytics/buckets
2020-06-16T21:33:48.336+00:00 DEBU CBAS.server.ServletRegistry [main] registering servlet AuthenticatedServlet{delegate=com.couchbase.analytics.servlet.DatasetDcpStateServlet}[com.couchbase.analytics.servlet.AuthenticatedServlet] with path /analytics/dataset/dcp/*
2020-06-16T21:33:48.346+00:00 DEBU CBAS.server.ServletRegistry [main] registering servlet AuthenticatedServlet{delegate=org.apache.asterix.api.http.server.ConnectorApiServlet}[com.couchbase.analytics.servlet.AuthenticatedServlet] with path /analytics/connector
2020-06-16T21:33:48.357+00:00 DEBU CBAS.server.ServletRegistry [main] registering servlet AuthenticatedServlet{delegate=org.apache.asterix.api.http.server.QueryServiceServlet}[com.couchbase.analytics.servlet.AuthenticatedServlet] with path /analytics/service
2020-06-16T21:33:48.358+00:00 DEBU CBAS.server.ServletRegistry [main] registering servlet AuthenticatedServlet{delegate=org.apache.asterix.api.http.server.QueryServiceServlet}[com.couchbase.analytics.servlet.AuthenticatedServlet] with path /query/service
2020-06-16T21:33:48.367+00:00 DEBU CBAS.server.ServletRegistry [main] registering servlet AuthenticatedServlet{delegate=org.apache.asterix.api.http.server.QueryServiceServlet}[com.couchbase.analytics.servlet.AuthenticatedServlet] with path /_p/query/query/service
2020-06-16T21:33:48.370+00:00 DEBU CBAS.server.ServletRegistry [main] registering servlet AuthenticatedServlet{delegate=org.apache.asterix.api.http.server.QueryStatusApiServlet}[com.couchbase.analytics.servlet.AuthenticatedServlet] with path /analytics/service/status/*
2020-06-16T21:33:48.371+00:00 DEBU CBAS.server.ServletRegistry [main] registering servlet AuthenticatedServlet{delegate=org.apache.asterix.api.http.server.QueryStatusApiServlet}[com.couchbase.analytics.servlet.AuthenticatedServlet] with path /query/service/status/*
2020-06-16T21:33:48.376+00:00 DEBU CBAS.server.ServletRegistry [main] registering servlet AuthenticatedServlet{delegate=org.apache.asterix.api.http.server.QueryResultApiServlet}[com.couchbase.analytics.servlet.AuthenticatedServlet] with path /analytics/service/result/*
2020-06-16T21:33:48.378+00:00 DEBU CBAS.server.ServletRegistry [main] registering servlet AuthenticatedServlet{delegate=org.apache.asterix.api.http.server.QueryResultApiServlet}[com.couchbase.analytics.servlet.AuthenticatedServlet] with path /query/service/result/*
2020-06-16T21:33:48.380+00:00 DEBU CBAS.server.ServletRegistry [main] registering servlet AuthenticatedServlet{delegate=org.apache.asterix.api.http.server.CcQueryCancellationServlet}[com.couchbase.analytics.servlet.AuthenticatedServlet] with path /analytics/admin/active_requests/*
2020-06-16T21:33:48.391+00:00 DEBU CBAS.server.ServletRegistry [main] registering servlet AdminPingServlet[/admin/ping][com.couchbase.analytics.servlet.AdminPingServlet] with path /admin/ping
2020-06-16T21:33:49.497+00:00 DEBU CBAS.work.WorkQueue [Worker:ClusterController] Executing: RemoveDeadNodes
2020-06-16T21:33:49.562+00:00 DEBU CBAS.bootstrap.AnalyticsCCApplication [main] Attempting to ping known nodes []
2020-06-16T21:33:49.925+00:00 INFO CBAS.bootstrap.AnalyticsNCApplication [main] Starting Couchbase Analytics driver, version: {"build.date":"Thu Apr 16 19:18:56 UTC 2020","build.number":"6299","build.version":"6.5.1-6299"}
2020-06-16T21:33:51.102+00:00 DEBU CBAS.util.MXHelper [main] ignoring exception calling RuntimeMXBean.getBootClassPath; returning null
java.lang.UnsupportedOperationException: Boot class path mechanism is not supported
	at sun.management.RuntimeImpl.getBootClassPath(Unknown Source) ~[?:?]
	at org.apache.hyracks.util.MXHelper.getBootClassPath(MXHelper.java:111) [hyracks-util.jar:6.5.1-6299]
	at org.apache.hyracks.control.common.controllers.NodeRegistration.<init>(NodeRegistration.java:110) [hyracks-control-common.jar:6.5.1-6299]
	at org.apache.hyracks.control.nc.NodeControllerService.initNodeControllerState(NodeControllerService.java:334) [hyracks-control-nc.jar:6.5.1-6299]
	at org.apache.hyracks.control.nc.NodeControllerService.start(NodeControllerService.java:299) [hyracks-control-nc.jar:6.5.1-6299]
	at com.couchbase.analytics.control.AnalyticsDriver.startService(AnalyticsDriver.java:128) [cbas-server.jar:6.5.1-6299]
	at com.couchbase.analytics.control.AnalyticsDriver.main(AnalyticsDriver.java:99) [cbas-server.jar:6.5.1-6299]
2020-06-16T21:33:51.514+00:00 DEBU CBAS.work.WorkQueue [Worker:ClusterController] Executing: RegisterNode
2020-06-16T21:33:51.618+00:00 DEBU CBAS.bootstrap.AnalyticsClusterLifecycleListener [Worker:ClusterController] Getting notified that node: a771316973056c9759aee152c7c79f8b has joined
2020-06-16T21:33:51.980+00:00 DEBU CBAS.work.WorkQueue [Worker:a771316973056c9759aee152c7c79f8b] Executing: AbortAllJobs
2020-06-16T21:33:52.058+00:00 DEBU CBAS.server.HttpServer [main] The output direct memory budget for this server is 589824 bytes
2020-06-16T21:33:52.059+00:00 DEBU CBAS.server.HttpServer [main] The "estimated" input direct memory budget for this server is 71303168 bytes
2020-06-16T21:33:52.304+00:00 DEBU CBAS.heartbeat.HeartbeatManager [Executor-11:a771316973056c9759aee152c7c79f8b] ack rec'd from CC:0 w/ exception: null
2020-06-16T21:33:52.470+00:00 DEBU CBAS.server.ServletRegistry [main] registering servlet AuthenticatedServlet{delegate=com.couchbase.analytics.servlet.AnalyticsQueryServiceServlet}[com.couchbase.analytics.servlet.AuthenticatedServlet] with path /analytics/service
2020-06-16T21:33:52.481+00:00 DEBU CBAS.server.ServletRegistry [main] registering servlet AuthenticatedServlet{delegate=com.couchbase.analytics.servlet.AnalyticsQueryServiceServlet}[com.couchbase.analytics.servlet.AuthenticatedServlet] with path /query/service
2020-06-16T21:33:52.487+00:00 DEBU CBAS.server.ServletRegistry [main] registering servlet AuthenticatedServlet{delegate=com.couchbase.analytics.servlet.AnalyticsQueryServiceServlet}[com.couchbase.analytics.servlet.AuthenticatedServlet] with path /_p/query/query/service
2020-06-16T21:33:52.489+00:00 DEBU CBAS.server.ServletRegistry [main] registering servlet AuthenticatedServlet{delegate=org.apache.asterix.api.http.server.QueryStatusApiServlet}[com.couchbase.analytics.servlet.AuthenticatedServlet] with path /analytics/service/status/*
2020-06-16T21:33:52.495+00:00 DEBU CBAS.server.ServletRegistry [main] registering servlet AuthenticatedServlet{delegate=org.apache.asterix.api.http.server.QueryStatusApiServlet}[com.couchbase.analytics.servlet.AuthenticatedServlet] with path /query/service/status/*
2020-06-16T21:33:52.498+00:00 DEBU CBAS.server.ServletRegistry [main] registering servlet AuthenticatedServlet{delegate=org.apache.asterix.api.http.server.QueryResultApiServlet}[com.couchbase.analytics.servlet.AuthenticatedServlet] with path /analytics/service/result/*
2020-06-16T21:33:52.516+00:00 DEBU CBAS.server.ServletRegistry [main] registering servlet AuthenticatedServlet{delegate=org.apache.asterix.api.http.server.QueryResultApiServlet}[com.couchbase.analytics.servlet.AuthenticatedServlet] with path /query/service/result/*
2020-06-16T21:33:52.619+00:00 DEBU CBAS.server.ServletRegistry [main] registering servlet AuthenticatedServlet{delegate=com.couchbase.analytics.servlet.NcConfigServlet}[com.couchbase.analytics.servlet.AuthenticatedServlet] with path /analytics/node/config
2020-06-16T21:33:52.715+00:00 DEBU CBAS.server.ServletRegistry [main] registering servlet AuthenticatedServlet{delegate=com.couchbase.analytics.servlet.AnalyticsConfigServlet}[com.couchbase.analytics.servlet.AuthenticatedServlet] with path /analytics/config/*
2020-06-16T21:33:52.797+00:00 DEBU CBAS.server.ServletRegistry [main] registering servlet AuthenticatedServlet{delegate=com.couchbase.analytics.servlet.NodeDiagnosticsServlet}[com.couchbase.analytics.servlet.AuthenticatedServlet] with path /analytics/node/diagnostics
2020-06-16T21:33:52.803+00:00 DEBU CBAS.server.ServletRegistry [main] registering servlet AuthenticatedServlet{delegate=com.couchbase.analytics.servlet.NCBucketStatesServlet}[com.couchbase.analytics.servlet.AuthenticatedServlet] with path /analytics/buckets
2020-06-16T21:33:52.813+00:00 DEBU CBAS.server.ServletRegistry [main] registering servlet AuthenticatedServlet{delegate=org.apache.asterix.api.http.server.NCQueryCancellationServlet}[com.couchbase.analytics.servlet.AuthenticatedServlet] with path /analytics/admin/active_requests/*
2020-06-16T21:33:52.818+00:00 DEBU CBAS.server.ServletRegistry [main] registering servlet FaviconServlet[/favicon.ico][com.couchbase.analytics.servlet.FaviconServlet] with path /favicon.ico
2020-06-16T21:33:52.827+00:00 DEBU CBAS.server.ServletRegistry [main] registering servlet AuthenticatedServlet{delegate=com.couchbase.analytics.servlet.NodeRestartServlet}[com.couchbase.analytics.servlet.AuthenticatedServlet] with path /analytics/node/restart
2020-06-16T21:33:52.834+00:00 DEBU CBAS.server.ServletRegistry [main] registering servlet AdminPingServlet[/admin/ping, /analytics/version][com.couchbase.analytics.servlet.AdminPingServlet] with path /admin/ping
2020-06-16T21:33:52.837+00:00 DEBU CBAS.server.ServletRegistry [main] registering servlet AdminPingServlet[/admin/ping, /analytics/version][com.couchbase.analytics.servlet.AdminPingServlet] with path /analytics/version
2020-06-16T21:33:52.852+00:00 DEBU CBAS.server.ServletRegistry [main] registering servlet AuthenticatedServlet{delegate=com.couchbase.analytics.servlet.NcAggregatedStatsServlet}[com.couchbase.analytics.servlet.AuthenticatedServlet] with path /analytics/node/agg/stats/*
2020-06-16T21:33:52.861+00:00 DEBU CBAS.server.HttpServer [main] The output direct memory budget for this server is 589824 bytes
2020-06-16T21:33:52.863+00:00 DEBU CBAS.server.HttpServer [main] The "estimated" input direct memory budget for this server is 71303168 bytes
2020-06-16T21:33:52.882+00:00 DEBU CBAS.server.ServletRegistry [main] registering servlet AuthenticatedServlet{delegate=com.couchbase.analytics.servlet.AnalyticsQueryServiceServlet}[com.couchbase.analytics.servlet.AuthenticatedServlet] with path /analytics/service
2020-06-16T21:33:52.884+00:00 DEBU CBAS.server.ServletRegistry [main] registering servlet AuthenticatedServlet{delegate=com.couchbase.analytics.servlet.AnalyticsQueryServiceServlet}[com.couchbase.analytics.servlet.AuthenticatedServlet] with path /query/service
2020-06-16T21:33:52.885+00:00 DEBU CBAS.server.ServletRegistry [main] registering servlet AuthenticatedServlet{delegate=com.couchbase.analytics.servlet.AnalyticsQueryServiceServlet}[com.couchbase.analytics.servlet.AuthenticatedServlet] with path /_p/query/query/service
2020-06-16T21:33:52.889+00:00 DEBU CBAS.server.ServletRegistry [main] registering servlet AuthenticatedServlet{delegate=org.apache.asterix.api.http.server.QueryStatusApiServlet}[com.couchbase.analytics.servlet.AuthenticatedServlet] with path /analytics/service/status/*
2020-06-16T21:33:52.900+00:00 DEBU CBAS.server.ServletRegistry [main] registering servlet AuthenticatedServlet{delegate=org.apache.asterix.api.http.server.QueryStatusApiServlet}[com.couchbase.analytics.servlet.AuthenticatedServlet] with path /query/service/status/*
2020-06-16T21:33:52.902+00:00 DEBU CBAS.server.ServletRegistry [main] registering servlet AuthenticatedServlet{delegate=org.apache.asterix.api.http.server.QueryResultApiServlet}[com.couchbase.analytics.servlet.AuthenticatedServlet] with path /analytics/service/result/*
2020-06-16T21:33:52.906+00:00 DEBU CBAS.server.ServletRegistry [main] registering servlet AuthenticatedServlet{delegate=org.apache.asterix.api.http.server.QueryResultApiServlet}[com.couchbase.analytics.servlet.AuthenticatedServlet] with path /query/service/result/*
2020-06-16T21:33:52.915+00:00 DEBU CBAS.server.ServletRegistry [main] registering servlet AuthenticatedServlet{delegate=com.couchbase.analytics.servlet.NcConfigServlet}[com.couchbase.analytics.servlet.AuthenticatedServlet] with path /analytics/node/config
2020-06-16T21:33:52.921+00:00 DEBU CBAS.server.ServletRegistry [main] registering servlet AuthenticatedServlet{delegate=com.couchbase.analytics.servlet.AnalyticsConfigServlet}[com.couchbase.analytics.servlet.AuthenticatedServlet] with path /analytics/config/*
2020-06-16T21:33:52.926+00:00 DEBU CBAS.server.ServletRegistry [main] registering servlet AuthenticatedServlet{delegate=com.couchbase.analytics.servlet.NodeDiagnosticsServlet}[com.couchbase.analytics.servlet.AuthenticatedServlet] with path /analytics/node/diagnostics
2020-06-16T21:33:52.938+00:00 DEBU CBAS.server.ServletRegistry [main] registering servlet AuthenticatedServlet{delegate=com.couchbase.analytics.servlet.NCBucketStatesServlet}[com.couchbase.analytics.servlet.AuthenticatedServlet] with path /analytics/buckets
2020-06-16T21:33:52.939+00:00 DEBU CBAS.server.ServletRegistry [main] registering servlet AuthenticatedServlet{delegate=org.apache.asterix.api.http.server.NCQueryCancellationServlet}[com.couchbase.analytics.servlet.AuthenticatedServlet] with path /analytics/admin/active_requests/*
2020-06-16T21:33:52.942+00:00 DEBU CBAS.server.ServletRegistry [main] registering servlet FaviconServlet[/favicon.ico][com.couchbase.analytics.servlet.FaviconServlet] with path /favicon.ico
2020-06-16T21:33:52.943+00:00 DEBU CBAS.server.ServletRegistry [main] registering servlet AuthenticatedServlet{delegate=com.couchbase.analytics.servlet.NodeRestartServlet}[com.couchbase.analytics.servlet.AuthenticatedServlet] with path /analytics/node/restart
2020-06-16T21:33:52.945+00:00 DEBU CBAS.server.ServletRegistry [main] registering servlet AdminPingServlet[/admin/ping, /analytics/version][com.couchbase.analytics.servlet.AdminPingServlet] with path /admin/ping
2020-06-16T21:33:52.946+00:00 DEBU CBAS.server.ServletRegistry [main] registering servlet AdminPingServlet[/admin/ping, /analytics/version][com.couchbase.analytics.servlet.AdminPingServlet] with path /analytics/version
2020-06-16T21:33:52.947+00:00 DEBU CBAS.server.ServletRegistry [main] registering servlet AuthenticatedServlet{delegate=com.couchbase.analytics.servlet.NcAggregatedStatsServlet}[com.couchbase.analytics.servlet.AuthenticatedServlet] with path /analytics/node/agg/stats/*
2020-06-16T21:33:52.952+00:00 DEBU CBAS.server.HttpServer [main] The output direct memory budget for this server is 589824 bytes
2020-06-16T21:33:52.954+00:00 DEBU CBAS.server.HttpServer [main] The "estimated" input direct memory budget for this server is 71303168 bytes
2020-06-16T21:33:52.956+00:00 DEBU CBAS.server.ServletRegistry [main] registering servlet AuthenticatedServlet{delegate=com.couchbase.analytics.servlet.NodeDiagnosticsServlet}[com.couchbase.analytics.servlet.AuthenticatedServlet] with path /analytics/node/diagnostics
2020-06-16T21:33:53.251+00:00 DEBU CBAS.server.ServletRegistry [main] registering servlet AuthenticatedServlet{delegate=com.couchbase.analytics.servlet.NodeStatsApiServlet}[com.couchbase.analytics.servlet.AuthenticatedServlet] with path /analytics/node/stats
2020-06-16T21:33:53.255+00:00 DEBU CBAS.server.ServletRegistry [main] registering servlet AuthenticatedServlet{delegate=org.apache.asterix.api.http.server.StorageApiServlet}[com.couchbase.analytics.servlet.AuthenticatedServlet] with path /analytics/node/storage/*
2020-06-16T21:33:53.268+00:00 DEBU CBAS.server.ServletRegistry [main] registering servlet AuthenticatedServlet{delegate=com.couchbase.analytics.servlet.ClusterTopologyServlet}[com.couchbase.analytics.servlet.AuthenticatedServlet] with path /analytics/node/cluster/*
2020-06-16T21:33:53.268+00:00 DEBU CBAS.server.ServletRegistry [main] registering servlet AdminPingServlet[/admin/ping][com.couchbase.analytics.servlet.AdminPingServlet] with path /admin/ping
2020-06-16T21:33:53.271+00:00 DEBU CBAS.server.ServletRegistry [main] registering servlet AuthenticatedServlet{delegate=com.couchbase.analytics.servlet.CbasServlet}[com.couchbase.analytics.servlet.AuthenticatedServlet] with path /analytics/internal/cbas/*
2020-06-16T21:33:53.274+00:00 DEBU CBAS.server.ServletRegistry [main] registering servlet AuthenticatedServlet{delegate=com.couchbase.analytics.servlet.NcAggregatedStatsServlet}[com.couchbase.analytics.servlet.AuthenticatedServlet] with path /analytics/node/agg/stats/*
2020-06-16T21:33:53.277+00:00 DEBU CBAS.server.ServletRegistry [main] registering servlet AuthenticatedServlet{delegate=com.couchbase.analytics.servlet.DiagnosticsQueryServiceServlet}[com.couchbase.analytics.servlet.AuthenticatedServlet] with path /query/service
2020-06-16T21:33:58.743+00:00 DEBU CBAS.work.WorkQueue [Worker:ClusterController] Executing: ApplicationMessage: nodeID: a771316973056c9759aee152c7c79f8b
2020-06-16T21:33:58.787+00:00 DEBU CBAS.work.WorkQueue [Worker:a771316973056c9759aee152c7c79f8b] Executing: ApplicationMessage: nodeId: a771316973056c9759aee152c7c79f8b
2020-06-16T21:33:59.043+00:00 DEBU CBAS.work.WorkQueue [Worker:ClusterController] Executing: ApplicationMessage: nodeID: a771316973056c9759aee152c7c79f8b
2020-06-16T21:33:59.063+00:00 DEBU CBAS.work.WorkQueue [Worker:a771316973056c9759aee152c7c79f8b] Executing: ApplicationMessage: nodeId: a771316973056c9759aee152c7c79f8b
2020-06-16T21:34:00.369+00:00 DEBU CBAS.auth.AuthorizationProvider [HttpExecutor(port:9110)-0] Cached user: <ud>{"@class":".User","id":"@","roles":null,"name":null,"domain":"ADMIN","permissions":{"cluster.settings!write":true,"cluster.analytics!backup":true,"cluster.settings!read":true,"cluster.analytics!select":true},"admin":true,"readOnlyAdmin":true,"analyticsReader":true,"analyticsBackupManager":true}</ud>
2020-06-16T21:34:03.843+00:00 DEBU CBAS.auth.AuthorizationProvider [HttpExecutor(port:9110)-4] Cached user: <ud>{"@class":".User","id":"@cbas-cbauth","roles":null,"name":null,"domain":"ADMIN","permissions":{"cluster.settings!write":true,"cluster.analytics!backup":true,"cluster.settings!read":true,"cluster.analytics!select":true},"admin":true,"readOnlyAdmin":true,"analyticsReader":true,"analyticsBackupManager":true}</ud>
2020-06-16T21:34:04.984+00:00 DEBU CBAS.impls.AbstractLSMMemoryComponent [Executor-10:a771316973056c9759aee152c7c79f8b] Component Id was reset from null to [1,1]
2020-06-16T21:34:05.223+00:00 DEBU CBAS.impls.AbstractLSMMemoryComponent [Executor-10:a771316973056c9759aee152c7c79f8b] Component Id was reset from null to [1,1]
2020-06-16T21:34:05.295+00:00 DEBU CBAS.impls.AbstractLSMMemoryComponent [Executor-10:a771316973056c9759aee152c7c79f8b] Component Id was reset from null to [1,1]
2020-06-16T21:34:05.511+00:00 DEBU CBAS.impls.AbstractLSMMemoryComponent [Executor-10:a771316973056c9759aee152c7c79f8b] Component Id was reset from null to [1,1]
2020-06-16T21:34:05.833+00:00 DEBU CBAS.impls.AbstractLSMMemoryComponent [Executor-10:a771316973056c9759aee152c7c79f8b] Component Id was reset from null to [1,1]
2020-06-16T21:34:05.872+00:00 DEBU CBAS.impls.AbstractLSMMemoryComponent [Executor-10:a771316973056c9759aee152c7c79f8b] Component Id was reset from null to [1,1]
2020-06-16T21:34:05.926+00:00 DEBU CBAS.impls.AbstractLSMMemoryComponent [Executor-10:a771316973056c9759aee152c7c79f8b] Component Id was reset from null to [1,1]
2020-06-16T21:34:06.333+00:00 DEBU CBAS.impls.AbstractLSMMemoryComponent [Executor-10:a771316973056c9759aee152c7c79f8b] Component Id was reset from null to [1,1]
2020-06-16T21:34:06.433+00:00 DEBU CBAS.impls.AbstractLSMMemoryComponent [Executor-10:a771316973056c9759aee152c7c79f8b] Component Id was reset from null to [1,1]
2020-06-16T21:34:09.806+00:00 DEBU CBAS.impls.AbstractLSMMemoryComponent [Executor-10:a771316973056c9759aee152c7c79f8b] Component Id was reset from null to [1,1]
2020-06-16T21:34:09.960+00:00 DEBU CBAS.impls.LSMHarness [Executor-2:a771316973056c9759aee152c7c79f8b] Flush is being scheduled on {"class" : "LSMBTree", "dir" : "/opt/couchbase/var/lib/couchbase/data/@analytics/v_iodevice_0/storage/partition_0/Metadata/Dataverse/0/Dataverse", "memory" : [{"class":"LSMBTreeMemoryComponent", "state":"READABLE_UNWRITABLE", "writers":0, "readers":0, "pendingFlushes":0, "id":"[1,1]"}, {"class":"LSMBTreeMemoryComponent", "state":"INACTIVE", "writers":0, "readers":0, "pendingFlushes":0, "id":"null"}], "disk" : 0, "num-scheduled-flushes":0, "current-memory-component":0}
2020-06-16T21:34:10.195+00:00 DEBU CBAS.impls.LSMHarness [Executor-12:a771316973056c9759aee152c7c79f8b] Started a flush operation for index: {"class" : "LSMBTree", "dir" : "/opt/couchbase/var/lib/couchbase/data/@analytics/v_iodevice_0/storage/partition_0/Metadata/Dataverse/0/Dataverse", "memory" : [{"class":"LSMBTreeMemoryComponent", "state":"READABLE_UNWRITABLE_FLUSHING", "writers":0, "readers":0, "pendingFlushes":0, "id":"[1,1]"}, {"class":"LSMBTreeMemoryComponent", "state":"INACTIVE", "writers":0, "readers":0, "pendingFlushes":0, "id":"null"}], "disk" : 0, "num-scheduled-flushes":1, "current-memory-component":1}
2020-06-16T21:34:10.704+00:00 DEBU CBAS.impls.AbstractLSMDiskComponent [Executor-12:a771316973056c9759aee152c7c79f8b] Marked as valid component with id: [1,1]
2020-06-16T21:34:10.916+00:00 DEBU CBAS.impls.LSMHarness [Executor-12:a771316973056c9759aee152c7c79f8b] Finished the flush operation for index: {"class" : "LSMBTree", "dir" : "/opt/couchbase/var/lib/couchbase/data/@analytics/v_iodevice_0/storage/partition_0/Metadata/Dataverse/0/Dataverse", "memory" : [{"class":"LSMBTreeMemoryComponent", "state":"INACTIVE", "writers":0, "readers":0, "pendingFlushes":0, "id":"[1,1]"}, {"class":"LSMBTreeMemoryComponent", "state":"INACTIVE", "writers":0, "readers":0, "pendingFlushes":0, "id":"null"}], "disk" : 1, "num-scheduled-flushes":0, "current-memory-component":1}. Result: SUCCESS
2020-06-16T21:34:10.945+00:00 DEBU CBAS.impls.LSMHarness [Executor-2:a771316973056c9759aee152c7c79f8b] Flush is being scheduled on {"class" : "LSMBTree", "dir" : "/opt/couchbase/var/lib/couchbase/data/@analytics/v_iodevice_0/storage/partition_0/Metadata/Dataset/0/Dataset", "memory" : [{"class":"LSMBTreeMemoryComponent", "state":"READABLE_UNWRITABLE", "writers":0, "readers":0, "pendingFlushes":0, "id":"[1,1]"}, {"class":"LSMBTreeMemoryComponent", "state":"INACTIVE", "writers":0, "readers":0, "pendingFlushes":0, "id":"null"}], "disk" : 0, "num-scheduled-flushes":0, "current-memory-component":0}
2020-06-16T21:34:10.965+00:00 DEBU CBAS.impls.LSMHarness [Executor-12:a771316973056c9759aee152c7c79f8b] Started a flush operation for index: {"class" : "LSMBTree", "dir" : "/opt/couchbase/var/lib/couchbase/data/@analytics/v_iodevice_0/storage/partition_0/Metadata/Dataset/0/Dataset", "memory" : [{"class":"LSMBTreeMemoryComponent", "state":"READABLE_UNWRITABLE_FLUSHING", "writers":0, "readers":0, "pendingFlushes":0, "id":"[1,1]"}, {"class":"LSMBTreeMemoryComponent", "state":"INACTIVE", "writers":0, "readers":0, "pendingFlushes":0, "id":"null"}], "disk" : 0, "num-scheduled-flushes":1, "current-memory-component":1}
2020-06-16T21:34:11.233+00:00 DEBU CBAS.impls.AbstractLSMDiskComponent [Executor-12:a771316973056c9759aee152c7c79f8b] Marked as valid component with id: [1,1]
2020-06-16T21:34:11.253+00:00 DEBU CBAS.work.WorkQueue [Worker:ClusterController] Executing: ApplicationMessage: nodeID: a771316973056c9759aee152c7c79f8b
2020-06-16T21:34:11.526+00:00 DEBU CBAS.impls.LSMHarness [Executor-12:a771316973056c9759aee152c7c79f8b] Finished the flush operation for index: {"class" : "LSMBTree", "dir" : "/opt/couchbase/var/lib/couchbase/data/@analytics/v_iodevice_0/storage/partition_0/Metadata/Dataset/0/Dataset", "memory" : [{"class":"LSMBTreeMemoryComponent", "state":"INACTIVE", "writers":0, "readers":0, "pendingFlushes":0, "id":"[1,1]"}, {"class":"LSMBTreeMemoryComponent", "state":"INACTIVE", "writers":0, "readers":0, "pendingFlushes":0, "id":"null"}], "disk" : 1, "num-scheduled-flushes":0, "current-memory-component":1}. Result: SUCCESS
2020-06-16T21:34:11.539+00:00 DEBU CBAS.impls.LSMHarness [Executor-2:a771316973056c9759aee152c7c79f8b] Flush is being scheduled on {"class" : "LSMBTree", "dir" : "/opt/couchbase/var/lib/couchbase/data/@analytics/v_iodevice_0/storage/partition_0/Metadata/Datatype/0/Datatype", "memory" : [{"class":"LSMBTreeMemoryComponent", "state":"READABLE_UNWRITABLE", "writers":0, "readers":0, "pendingFlushes":0, "id":"[1,1]"}, {"class":"LSMBTreeMemoryComponent", "state":"INACTIVE", "writers":0, "readers":0, "pendingFlushes":0, "id":"null"}], "disk" : 0, "num-scheduled-flushes":0, "current-memory-component":0}
2020-06-16T21:34:11.563+00:00 DEBU CBAS.impls.LSMHarness [Executor-12:a771316973056c9759aee152c7c79f8b] Started a flush operation for index: {"class" : "LSMBTree", "dir" : "/opt/couchbase/var/lib/couchbase/data/@analytics/v_iodevice_0/storage/partition_0/Metadata/Datatype/0/Datatype", "memory" : [{"class":"LSMBTreeMemoryComponent", "state":"READABLE_UNWRITABLE_FLUSHING", "writers":0, "readers":0, "pendingFlushes":0, "id":"[1,1]"}, {"class":"LSMBTreeMemoryComponent", "state":"INACTIVE", "writers":0, "readers":0, "pendingFlushes":0, "id":"null"}], "disk" : 0, "num-scheduled-flushes":1, "current-memory-component":1}
2020-06-16T21:34:11.658+00:00 DEBU CBAS.work.WorkQueue [Worker:a771316973056c9759aee152c7c79f8b] Executing: ApplicationMessage: nodeId: a771316973056c9759aee152c7c79f8b
2020-06-16T21:34:11.801+00:00 DEBU CBAS.impls.AbstractLSMDiskComponent [Executor-12:a771316973056c9759aee152c7c79f8b] Marked as valid component with id: [1,1]
2020-06-16T21:34:12.039+00:00 DEBU CBAS.impls.LSMHarness [Executor-12:a771316973056c9759aee152c7c79f8b] Finished the flush operation for index: {"class" : "LSMBTree", "dir" : "/opt/couchbase/var/lib/couchbase/data/@analytics/v_iodevice_0/storage/partition_0/Metadata/Datatype/0/Datatype", "memory" : [{"class":"LSMBTreeMemoryComponent", "state":"INACTIVE", "writers":0, "readers":0, "pendingFlushes":0, "id":"[1,1]"}, {"class":"LSMBTreeMemoryComponent", "state":"INACTIVE", "writers":0, "readers":0, "pendingFlushes":0, "id":"null"}], "disk" : 1, "num-scheduled-flushes":0, "current-memory-component":1}. Result: SUCCESS
2020-06-16T21:34:12.044+00:00 DEBU CBAS.impls.LSMHarness [Executor-2:a771316973056c9759aee152c7c79f8b] Flush is being scheduled on {"class" : "LSMBTree", "dir" : "/opt/couchbase/var/lib/couchbase/data/@analytics/v_iodevice_0/storage/partition_0/Metadata/Index/0/Index", "memory" : [{"class":"LSMBTreeMemoryComponent", "state":"READABLE_UNWRITABLE", "writers":0, "readers":0, "pendingFlushes":0, "id":"[1,1]"}, {"class":"LSMBTreeMemoryComponent", "state":"INACTIVE", "writers":0, "readers":0, "pendingFlushes":0, "id":"null"}], "disk" : 0, "num-scheduled-flushes":0, "current-memory-component":0}
2020-06-16T21:34:12.071+00:00 DEBU CBAS.impls.LSMHarness [Executor-12:a771316973056c9759aee152c7c79f8b] Started a flush operation for index: {"class" : "LSMBTree", "dir" : "/opt/couchbase/var/lib/couchbase/data/@analytics/v_iodevice_0/storage/partition_0/Metadata/Index/0/Index", "memory" : [{"class":"LSMBTreeMemoryComponent", "state":"READABLE_UNWRITABLE_FLUSHING", "writers":0, "readers":0, "pendingFlushes":0, "id":"[1,1]"}, {"class":"LSMBTreeMemoryComponent", "state":"INACTIVE", "writers":0, "readers":0, "pendingFlushes":0, "id":"null"}], "disk" : 0, "num-scheduled-flushes":1, "current-memory-component":1}
2020-06-16T21:34:12.308+00:00 DEBU CBAS.impls.AbstractLSMDiskComponent [Executor-12:a771316973056c9759aee152c7c79f8b] Marked as valid component with id: [1,1]
2020-06-16T21:34:12.525+00:00 DEBU CBAS.impls.LSMHarness [Executor-12:a771316973056c9759aee152c7c79f8b] Finished the flush operation for index: {"class" : "LSMBTree", "dir" : "/opt/couchbase/var/lib/couchbase/data/@analytics/v_iodevice_0/storage/partition_0/Metadata/Index/0/Index", "memory" : [{"class":"LSMBTreeMemoryComponent", "state":"INACTIVE", "writers":0, "readers":0, "pendingFlushes":0, "id":"[1,1]"}, {"class":"LSMBTreeMemoryComponent", "state":"INACTIVE", "writers":0, "readers":0, "pendingFlushes":0, "id":"null"}], "disk" : 1, "num-scheduled-flushes":0, "current-memory-component":1}. Result: SUCCESS
2020-06-16T21:34:12.540+00:00 DEBU CBAS.impls.LSMHarness [Executor-2:a771316973056c9759aee152c7c79f8b] Flush is being scheduled on {"class" : "LSMBTree", "dir" : "/opt/couchbase/var/lib/couchbase/data/@analytics/v_iodevice_0/storage/partition_0/Metadata/Node/0/Node", "memory" : [{"class":"LSMBTreeMemoryComponent", "state":"READABLE_UNWRITABLE", "writers":0, "readers":0, "pendingFlushes":0, "id":"[1,1]"}, {"class":"LSMBTreeMemoryComponent", "state":"INACTIVE", "writers":0, "readers":0, "pendingFlushes":0, "id":"null"}], "disk" : 0, "num-scheduled-flushes":0, "current-memory-component":0}
2020-06-16T21:34:12.571+00:00 DEBU CBAS.impls.LSMHarness [Executor-12:a771316973056c9759aee152c7c79f8b] Started a flush operation for index: {"class" : "LSMBTree", "dir" : "/opt/couchbase/var/lib/couchbase/data/@analytics/v_iodevice_0/storage/partition_0/Metadata/Node/0/Node", "memory" : [{"class":"LSMBTreeMemoryComponent", "state":"READABLE_UNWRITABLE_FLUSHING", "writers":0, "readers":0, "pendingFlushes":0, "id":"[1,1]"}, {"class":"LSMBTreeMemoryComponent", "state":"INACTIVE", "writers":0, "readers":0, "pendingFlushes":0, "id":"null"}], "disk" : 0, "num-scheduled-flushes":1, "current-memory-component":1}
2020-06-16T21:34:12.899+00:00 DEBU CBAS.impls.AbstractLSMDiskComponent [Executor-12:a771316973056c9759aee152c7c79f8b] Marked as valid component with id: [1,1]
2020-06-16T21:34:12.999+00:00 DEBU CBAS.impls.LSMHarness [Executor-12:a771316973056c9759aee152c7c79f8b] Finished the flush operation for index: {"class" : "LSMBTree", "dir" : "/opt/couchbase/var/lib/couchbase/data/@analytics/v_iodevice_0/storage/partition_0/Metadata/Node/0/Node", "memory" : [{"class":"LSMBTreeMemoryComponent", "state":"INACTIVE", "writers":0, "readers":0, "pendingFlushes":0, "id":"[1,1]"}, {"class":"LSMBTreeMemoryComponent", "state":"INACTIVE", "writers":0, "readers":0, "pendingFlushes":0, "id":"null"}], "disk" : 1, "num-scheduled-flushes":0, "current-memory-component":1}. Result: SUCCESS
2020-06-16T21:34:13.009+00:00 DEBU CBAS.impls.LSMHarness [Executor-2:a771316973056c9759aee152c7c79f8b] Flush is being scheduled on {"class" : "LSMBTree", "dir" : "/opt/couchbase/var/lib/couchbase/data/@analytics/v_iodevice_0/storage/partition_0/Metadata/Nodegroup/0/Nodegroup", "memory" : [{"class":"LSMBTreeMemoryComponent", "state":"READABLE_UNWRITABLE", "writers":0, "readers":0, "pendingFlushes":0, "id":"[1,1]"}, {"class":"LSMBTreeMemoryComponent", "state":"INACTIVE", "writers":0, "readers":0, "pendingFlushes":0, "id":"null"}], "disk" : 0, "num-scheduled-flushes":0, "current-memory-component":0}
2020-06-16T21:34:13.027+00:00 DEBU CBAS.impls.LSMHarness [Executor-12:a771316973056c9759aee152c7c79f8b] Started a flush operation for index: {"class" : "LSMBTree", "dir" : "/opt/couchbase/var/lib/couchbase/data/@analytics/v_iodevice_0/storage/partition_0/Metadata/Nodegroup/0/Nodegroup", "memory" : [{"class":"LSMBTreeMemoryComponent", "state":"READABLE_UNWRITABLE_FLUSHING", "writers":0, "readers":0, "pendingFlushes":0, "id":"[1,1]"}, {"class":"LSMBTreeMemoryComponent", "state":"INACTIVE", "writers":0, "readers":0, "pendingFlushes":0, "id":"null"}], "disk" : 0, "num-scheduled-flushes":1, "current-memory-component":1}
2020-06-16T21:34:13.223+00:00 DEBU CBAS.impls.AbstractLSMDiskComponent [Executor-12:a771316973056c9759aee152c7c79f8b] Marked as valid component with id: [1,1]
2020-06-16T21:34:13.353+00:00 DEBU CBAS.impls.LSMHarness [Executor-12:a771316973056c9759aee152c7c79f8b] Finished the flush operation for index: {"class" : "LSMBTree", "dir" : "/opt/couchbase/var/lib/couchbase/data/@analytics/v_iodevice_0/storage/partition_0/Metadata/Nodegroup/0/Nodegroup", "memory" : [{"class":"LSMBTreeMemoryComponent", "state":"INACTIVE", "writers":0, "readers":0, "pendingFlushes":0, "id":"[1,1]"}, {"class":"LSMBTreeMemoryComponent", "state":"INACTIVE", "writers":0, "readers":0, "pendingFlushes":0, "id":"null"}], "disk" : 1, "num-scheduled-flushes":0, "current-memory-component":1}. Result: SUCCESS
2020-06-16T21:34:13.363+00:00 DEBU CBAS.impls.LSMHarness [Executor-2:a771316973056c9759aee152c7c79f8b] Flush is being scheduled on {"class" : "LSMBTree", "dir" : "/opt/couchbase/var/lib/couchbase/data/@analytics/v_iodevice_0/storage/partition_0/Metadata/DatasourceAdapter/0/DatasourceAdapter", "memory" : [{"class":"LSMBTreeMemoryComponent", "state":"READABLE_UNWRITABLE", "writers":0, "readers":0, "pendingFlushes":0, "id":"[1,1]"}, {"class":"LSMBTreeMemoryComponent", "state":"INACTIVE", "writers":0, "readers":0, "pendingFlushes":0, "id":"null"}], "disk" : 0, "num-scheduled-flushes":0, "current-memory-component":0}
2020-06-16T21:34:13.382+00:00 DEBU CBAS.impls.LSMHarness [Executor-12:a771316973056c9759aee152c7c79f8b] Started a flush operation for index: {"class" : "LSMBTree", "dir" : "/opt/couchbase/var/lib/couchbase/data/@analytics/v_iodevice_0/storage/partition_0/Metadata/DatasourceAdapter/0/DatasourceAdapter", "memory" : [{"class":"LSMBTreeMemoryComponent", "state":"READABLE_UNWRITABLE_FLUSHING", "writers":0, "readers":0, "pendingFlushes":0, "id":"[1,1]"}, {"class":"LSMBTreeMemoryComponent", "state":"INACTIVE", "writers":0, "readers":0, "pendingFlushes":0, "id":"null"}], "disk" : 0, "num-scheduled-flushes":1, "current-memory-component":1}
2020-06-16T21:34:13.546+00:00 DEBU CBAS.impls.AbstractLSMDiskComponent [Executor-12:a771316973056c9759aee152c7c79f8b] Marked as valid component with id: [1,1]
2020-06-16T21:34:13.606+00:00 DEBU CBAS.impls.LSMHarness [Executor-12:a771316973056c9759aee152c7c79f8b] Finished the flush operation for index: {"class" : "LSMBTree", "dir" : "/opt/couchbase/var/lib/couchbase/data/@analytics/v_iodevice_0/storage/partition_0/Metadata/DatasourceAdapter/0/DatasourceAdapter", "memory" : [{"class":"LSMBTreeMemoryComponent", "state":"INACTIVE", "writers":0, "readers":0, "pendingFlushes":0, "id":"[1,1]"}, {"class":"LSMBTreeMemoryComponent", "state":"INACTIVE", "writers":0, "readers":0, "pendingFlushes":0, "id":"null"}], "disk" : 1, "num-scheduled-flushes":0, "current-memory-component":1}. Result: SUCCESS
2020-06-16T21:34:13.612+00:00 DEBU CBAS.impls.LSMHarness [Executor-2:a771316973056c9759aee152c7c79f8b] Flush is being scheduled on {"class" : "LSMBTree", "dir" : "/opt/couchbase/var/lib/couchbase/data/@analytics/v_iodevice_0/storage/partition_0/Metadata/FeedPolicy/0/FeedPolicy", "memory" : [{"class":"LSMBTreeMemoryComponent", "state":"READABLE_UNWRITABLE", "writers":0, "readers":0, "pendingFlushes":0, "id":"[1,1]"}, {"class":"LSMBTreeMemoryComponent", "state":"INACTIVE", "writers":0, "readers":0, "pendingFlushes":0, "id":"null"}], "disk" : 0, "num-scheduled-flushes":0, "current-memory-component":0}
2020-06-16T21:34:13.623+00:00 DEBU CBAS.impls.LSMHarness [Executor-12:a771316973056c9759aee152c7c79f8b] Started a flush operation for index: {"class" : "LSMBTree", "dir" : "/opt/couchbase/var/lib/couchbase/data/@analytics/v_iodevice_0/storage/partition_0/Metadata/FeedPolicy/0/FeedPolicy", "memory" : [{"class":"LSMBTreeMemoryComponent", "state":"READABLE_UNWRITABLE_FLUSHING", "writers":0, "readers":0, "pendingFlushes":0, "id":"[1,1]"}, {"class":"LSMBTreeMemoryComponent", "state":"INACTIVE", "writers":0, "readers":0, "pendingFlushes":0, "id":"null"}], "disk" : 0, "num-scheduled-flushes":1, "current-memory-component":1}
2020-06-16T21:34:13.719+00:00 DEBU CBAS.impls.AbstractLSMDiskComponent [Executor-12:a771316973056c9759aee152c7c79f8b] Marked as valid component with id: [1,1]
2020-06-16T21:34:13.752+00:00 DEBU CBAS.impls.LSMHarness [Executor-12:a771316973056c9759aee152c7c79f8b] Finished the flush operation for index: {"class" : "LSMBTree", "dir" : "/opt/couchbase/var/lib/couchbase/data/@analytics/v_iodevice_0/storage/partition_0/Metadata/FeedPolicy/0/FeedPolicy", "memory" : [{"class":"LSMBTreeMemoryComponent", "state":"INACTIVE", "writers":0, "readers":0, "pendingFlushes":0, "id":"[1,1]"}, {"class":"LSMBTreeMemoryComponent", "state":"INACTIVE", "writers":0, "readers":0, "pendingFlushes":0, "id":"null"}], "disk" : 1, "num-scheduled-flushes":0, "current-memory-component":1}. Result: SUCCESS
2020-06-16T21:34:13.755+00:00 DEBU CBAS.impls.LSMHarness [Executor-2:a771316973056c9759aee152c7c79f8b] Flush is being scheduled on {"class" : "LSMBTree", "dir" : "/opt/couchbase/var/lib/couchbase/data/@analytics/v_iodevice_0/storage/partition_0/Metadata/CompactionPolicy/0/CompactionPolicy", "memory" : [{"class":"LSMBTreeMemoryComponent", "state":"READABLE_UNWRITABLE", "writers":0, "readers":0, "pendingFlushes":0, "id":"[1,1]"}, {"class":"LSMBTreeMemoryComponent", "state":"INACTIVE", "writers":0, "readers":0, "pendingFlushes":0, "id":"null"}], "disk" : 0, "num-scheduled-flushes":0, "current-memory-component":0}
2020-06-16T21:34:13.764+00:00 DEBU CBAS.impls.LSMHarness [Executor-12:a771316973056c9759aee152c7c79f8b] Started a flush operation for index: {"class" : "LSMBTree", "dir" : "/opt/couchbase/var/lib/couchbase/data/@analytics/v_iodevice_0/storage/partition_0/Metadata/CompactionPolicy/0/CompactionPolicy", "memory" : [{"class":"LSMBTreeMemoryComponent", "state":"READABLE_UNWRITABLE_FLUSHING", "writers":0, "readers":0, "pendingFlushes":0, "id":"[1,1]"}, {"class":"LSMBTreeMemoryComponent", "state":"INACTIVE", "writers":0, "readers":0, "pendingFlushes":0, "id":"null"}], "disk" : 0, "num-scheduled-flushes":1, "current-memory-component":1}
2020-06-16T21:34:13.848+00:00 DEBU CBAS.impls.AbstractLSMDiskComponent [Executor-12:a771316973056c9759aee152c7c79f8b] Marked as valid component with id: [1,1]
2020-06-16T21:34:13.951+00:00 DEBU CBAS.impls.LSMHarness [Executor-12:a771316973056c9759aee152c7c79f8b] Finished the flush operation for index: {"class" : "LSMBTree", "dir" : "/opt/couchbase/var/lib/couchbase/data/@analytics/v_iodevice_0/storage/partition_0/Metadata/CompactionPolicy/0/CompactionPolicy", "memory" : [{"class":"LSMBTreeMemoryComponent", "state":"INACTIVE", "writers":0, "readers":0, "pendingFlushes":0, "id":"[1,1]"}, {"class":"LSMBTreeMemoryComponent", "state":"INACTIVE", "writers":0, "readers":0, "pendingFlushes":0, "id":"null"}], "disk" : 1, "num-scheduled-flushes":0, "current-memory-component":1}. Result: SUCCESS
2020-06-16T21:34:13.959+00:00 DEBU CBAS.impls.LSMHarness [Executor-2:a771316973056c9759aee152c7c79f8b] Flush is being scheduled on {"class" : "LSMBTree", "dir" : "/opt/couchbase/var/lib/couchbase/data/@analytics/v_iodevice_0/storage/partition_0/Metadata/Link/0/Link", "memory" : [{"class":"LSMBTreeMemoryComponent", "state":"READABLE_UNWRITABLE", "writers":0, "readers":0, "pendingFlushes":0, "id":"[1,1]"}, {"class":"LSMBTreeMemoryComponent", "state":"INACTIVE", "writers":0, "readers":0, "pendingFlushes":0, "id":"null"}], "disk" : 0, "num-scheduled-flushes":0, "current-memory-component":0}
2020-06-16T21:34:13.975+00:00 DEBU CBAS.impls.LSMHarness [Executor-12:a771316973056c9759aee152c7c79f8b] Started a flush operation for index: {"class" : "LSMBTree", "dir" : "/opt/couchbase/var/lib/couchbase/data/@analytics/v_iodevice_0/storage/partition_0/Metadata/Link/0/Link", "memory" : [{"class":"LSMBTreeMemoryComponent", "state":"READABLE_UNWRITABLE_FLUSHING", "writers":0, "readers":0, "pendingFlushes":0, "id":"[1,1]"}, {"class":"LSMBTreeMemoryComponent", "state":"INACTIVE", "writers":0, "readers":0, "pendingFlushes":0, "id":"null"}], "disk" : 0, "num-scheduled-flushes":1, "current-memory-component":1}
2020-06-16T21:34:14.077+00:00 DEBU CBAS.impls.AbstractLSMDiskComponent [Executor-12:a771316973056c9759aee152c7c79f8b] Marked as valid component with id: [1,1]
2020-06-16T21:34:14.157+00:00 DEBU CBAS.impls.LSMHarness [Executor-12:a771316973056c9759aee152c7c79f8b] Finished the flush operation for index: {"class" : "LSMBTree", "dir" : "/opt/couchbase/var/lib/couchbase/data/@analytics/v_iodevice_0/storage/partition_0/Metadata/Link/0/Link", "memory" : [{"class":"LSMBTreeMemoryComponent", "state":"INACTIVE", "writers":0, "readers":0, "pendingFlushes":0, "id":"[1,1]"}, {"class":"LSMBTreeMemoryComponent", "state":"INACTIVE", "writers":0, "readers":0, "pendingFlushes":0, "id":"null"}], "disk" : 1, "num-scheduled-flushes":0, "current-memory-component":1}. Result: SUCCESS
2020-06-16T21:34:15.928+00:00 DEBU CBAS.util.ProxyUtil [Executor-10:a771316973056c9759aee152c7c79f8b] servlet paths: [/analytics/service/status/*, /query/service/status/*, /analytics/backup, /analytics/cluster/logging/*, /analytics/cluster/cc/*, /analytics/service, /query/service, /_p/query/query/service, /analytics/admin/rebalance/*, /analytics/buckets, /analytics/admin/active_requests/*, /admin/ping, /analytics/diagnostics, /analytics/cluster/diagnostics, /analytics/cluster/restart, /analytics/cc/config, /analytics/service/result/*, /query/service/result/*, /analytics/cluster/*, /analytics/cluster/node/*, /analytics/console/*, /webui/*, /analytics/dataset/dcp/*, /analytics/connector]
2020-06-16T21:34:15.934+00:00 DEBU CBAS.server.ServletRegistry [Executor-10:a771316973056c9759aee152c7c79f8b] registering servlet Proxyable Placeholder[com.couchbase.analytics.util.ProxyUtil$1] with path /analytics/service/status/*
2020-06-16T21:34:15.934+00:00 DEBU CBAS.server.ServletRegistry [Executor-10:a771316973056c9759aee152c7c79f8b] registering servlet Proxyable Placeholder[com.couchbase.analytics.util.ProxyUtil$1] with path /query/service/status/*
2020-06-16T21:34:15.934+00:00 DEBU CBAS.server.ServletRegistry [Executor-10:a771316973056c9759aee152c7c79f8b] registering servlet Proxyable Placeholder[com.couchbase.analytics.util.ProxyUtil$1] with path /analytics/backup
2020-06-16T21:34:15.934+00:00 DEBU CBAS.server.ServletRegistry [Executor-10:a771316973056c9759aee152c7c79f8b] registering servlet Proxyable Placeholder[com.couchbase.analytics.util.ProxyUtil$1] with path /analytics/cluster/logging/*
2020-06-16T21:34:15.934+00:00 DEBU CBAS.server.ServletRegistry [Executor-10:a771316973056c9759aee152c7c79f8b] registering servlet Proxyable Placeholder[com.couchbase.analytics.util.ProxyUtil$1] with path /analytics/cluster/cc/*
2020-06-16T21:34:15.934+00:00 DEBU CBAS.server.ServletRegistry [Executor-10:a771316973056c9759aee152c7c79f8b] registering servlet Proxyable Placeholder[com.couchbase.analytics.util.ProxyUtil$1] with path /analytics/service
2020-06-16T21:34:15.934+00:00 DEBU CBAS.server.ServletRegistry [Executor-10:a771316973056c9759aee152c7c79f8b] registering servlet Proxyable Placeholder[com.couchbase.analytics.util.ProxyUtil$1] with path /query/service
2020-06-16T21:34:15.935+00:00 DEBU CBAS.server.ServletRegistry [Executor-10:a771316973056c9759aee152c7c79f8b] registering servlet Proxyable Placeholder[com.couchbase.analytics.util.ProxyUtil$1] with path /_p/query/query/service
2020-06-16T21:34:15.935+00:00 DEBU CBAS.server.ServletRegistry [Executor-10:a771316973056c9759aee152c7c79f8b] registering servlet Proxyable Placeholder[com.couchbase.analytics.util.ProxyUtil$1] with path /analytics/admin/rebalance/*
2020-06-16T21:34:15.935+00:00 DEBU CBAS.server.ServletRegistry [Executor-10:a771316973056c9759aee152c7c79f8b] registering servlet Proxyable Placeholder[com.couchbase.analytics.util.ProxyUtil$1] with path /analytics/buckets
2020-06-16T21:34:15.936+00:00 DEBU CBAS.server.ServletRegistry [Executor-10:a771316973056c9759aee152c7c79f8b] registering servlet Proxyable Placeholder[com.couchbase.analytics.util.ProxyUtil$1] with path /analytics/admin/active_requests/*
2020-06-16T21:34:15.936+00:00 DEBU CBAS.server.ServletRegistry [Executor-10:a771316973056c9759aee152c7c79f8b] registering servlet Proxyable Placeholder[com.couchbase.analytics.util.ProxyUtil$1] with path /admin/ping
2020-06-16T21:34:15.936+00:00 DEBU CBAS.server.ServletRegistry [Executor-10:a771316973056c9759aee152c7c79f8b] registering servlet Proxyable Placeholder[com.couchbase.analytics.util.ProxyUtil$1] with path /analytics/diagnostics
2020-06-16T21:34:15.936+00:00 DEBU CBAS.server.ServletRegistry [Executor-10:a771316973056c9759aee152c7c79f8b] registering servlet Proxyable Placeholder[com.couchbase.analytics.util.ProxyUtil$1] with path /analytics/cluster/diagnostics
2020-06-16T21:34:15.944+00:00 DEBU CBAS.server.ServletRegistry [Executor-10:a771316973056c9759aee152c7c79f8b] registering servlet Proxyable Placeholder[com.couchbase.analytics.util.ProxyUtil$1] with path /analytics/cluster/restart
2020-06-16T21:34:15.945+00:00 DEBU CBAS.server.ServletRegistry [Executor-10:a771316973056c9759aee152c7c79f8b] registering servlet Proxyable Placeholder[com.couchbase.analytics.util.ProxyUtil$1] with path /analytics/cc/config
2020-06-16T21:34:15.945+00:00 DEBU CBAS.server.ServletRegistry [Executor-10:a771316973056c9759aee152c7c79f8b] registering servlet Proxyable Placeholder[com.couchbase.analytics.util.ProxyUtil$1] with path /analytics/service/result/*
2020-06-16T21:34:15.947+00:00 DEBU CBAS.server.ServletRegistry [Executor-10:a771316973056c9759aee152c7c79f8b] registering servlet Proxyable Placeholder[com.couchbase.analytics.util.ProxyUtil$1] with path /query/service/result/*
2020-06-16T21:34:15.947+00:00 DEBU CBAS.server.ServletRegistry [Executor-10:a771316973056c9759aee152c7c79f8b] registering servlet Proxyable Placeholder[com.couchbase.analytics.util.ProxyUtil$1] with path /analytics/cluster/*
2020-06-16T21:34:15.947+00:00 DEBU CBAS.server.ServletRegistry [Executor-10:a771316973056c9759aee152c7c79f8b] registering servlet Proxyable Placeholder[com.couchbase.analytics.util.ProxyUtil$1] with path /analytics/cluster/node/*
2020-06-16T21:34:15.948+00:00 DEBU CBAS.server.ServletRegistry [Executor-10:a771316973056c9759aee152c7c79f8b] registering servlet Proxyable Placeholder[com.couchbase.analytics.util.ProxyUtil$1] with path /analytics/console/*
2020-06-16T21:34:15.948+00:00 DEBU CBAS.server.ServletRegistry [Executor-10:a771316973056c9759aee152c7c79f8b] registering servlet Proxyable Placeholder[com.couchbase.analytics.util.ProxyUtil$1] with path /webui/*
2020-06-16T21:34:15.948+00:00 DEBU CBAS.server.ServletRegistry [Executor-10:a771316973056c9759aee152c7c79f8b] registering servlet Proxyable Placeholder[com.couchbase.analytics.util.ProxyUtil$1] with path /analytics/dataset/dcp/*
2020-06-16T21:34:15.948+00:00 DEBU CBAS.server.ServletRegistry [Executor-10:a771316973056c9759aee152c7c79f8b] registering servlet Proxyable Placeholder[com.couchbase.analytics.util.ProxyUtil$1] with path /analytics/connector
2020-06-16T21:34:15.949+00:00 DEBU CBAS.work.WorkQueue [Worker:ClusterController] Executing: RemoveDeadNodes
2020-06-16T21:34:17.079+00:00 DEBU CBAS.work.WorkQueue [Worker:ClusterController] Executing: ApplicationMessage: nodeID: a771316973056c9759aee152c7c79f8b
2020-06-16T21:34:17.203+00:00 DEBU CBAS.bootstrap.AnalyticsGlobalRecoveryManager [Executor-3:ClusterController] Bootstrap Global Recovery...
2020-06-16T21:34:17.275+00:00 DEBU CBAS.bootstrap.AnalyticsGlobalRecoveryManager [Executor-3:ClusterController] Buckets found []
2020-06-16T21:34:21.974+00:00 DEBU CBAS.heartbeat.HeartbeatManager [Executor-10:a771316973056c9759aee152c7c79f8b] ack rec'd from CC:0 w/ exception: null
2020-06-16T21:34:45.956+00:00 DEBU CBAS.work.WorkQueue [Worker:ClusterController] Executing: RemoveDeadNodes
2020-06-16T21:34:51.939+00:00 DEBU CBAS.heartbeat.HeartbeatManager [Executor-10:a771316973056c9759aee152c7c79f8b] ack rec'd from CC:0 w/ exception: null
2020-06-16T21:35:15.956+00:00 DEBU CBAS.work.WorkQueue [Worker:ClusterController] Executing: RemoveDeadNodes
2020-06-16T21:35:21.918+00:00 DEBU CBAS.heartbeat.HeartbeatManager [Executor-10:a771316973056c9759aee152c7c79f8b] ack rec'd from CC:0 w/ exception: null
2020-06-16T21:35:45.957+00:00 DEBU CBAS.work.WorkQueue [Worker:ClusterController] Executing: RemoveDeadNodes
2020-06-16T21:35:51.994+00:00 DEBU CBAS.heartbeat.HeartbeatManager [Executor-10:a771316973056c9759aee152c7c79f8b] ack rec'd from CC:0 w/ exception: null
2020-06-16T21:35:53.329+00:00 DEBU CBAS.work.WorkQueue [Worker:ClusterController] Executing: ApplicationMessage: nodeID: a771316973056c9759aee152c7c79f8b
2020-06-16T21:35:53.799+00:00 DEBU CBAS.work.WorkQueue [Worker:ClusterController] Executing: GetNodeControllersInfo
2020-06-16T21:35:55.602+00:00 DEBU CBAS.work.WorkQueue [Worker:ClusterController] Executing: JobStart
2020-06-16T21:35:55.998+00:00 DEBU CBAS.result.ResultDirectoryService [Worker:ClusterController] ResultDirectoryService notified of new job JID:0.1
2020-06-16T21:35:56.002+00:00 DEBU CBAS.active.ActiveNotificationHandler [Worker:ClusterController] notifyJobCreation(JobId jobId, JobSpecification jobSpecification) was called with jobId = JID:0.1
2020-06-16T21:35:56.002+00:00 DEBU CBAS.active.ActiveNotificationHandler [Worker:ClusterController] Job is not of type active job. property found to be: null
2020-06-16T21:35:56.046+00:00 DEBU CBAS.work.WorkQueue [Worker:a771316973056c9759aee152c7c79f8b] Executing: StartTasks
2020-06-16T21:35:56.051+00:00 DEBU CBAS.work.WorkQueue [Worker:ClusterController] Executing: WaitForJobCompletion
2020-06-16T21:35:56.211+00:00 DEBU CBAS.work.WorkQueue [Worker:a771316973056c9759aee152c7c79f8b] Executing: NotifyTaskComplete: [a771316973056c9759aee152c7c79f8b[JID:0.1:TAID:TID:ANID:ODID:8:0:0:0]
2020-06-16T21:35:56.213+00:00 DEBU CBAS.work.WorkQueue [Worker:a771316973056c9759aee152c7c79f8b] Executing: NotifyTaskComplete: [a771316973056c9759aee152c7c79f8b[JID:0.1:TAID:TID:ANID:ODID:15:0:0:0]
2020-06-16T21:35:56.214+00:00 DEBU CBAS.work.WorkQueue [Worker:ClusterController] Executing: TaskComplete: [a771316973056c9759aee152c7c79f8b[JID:0.1:TAID:TID:ANID:ODID:8:0:0:0]
2020-06-16T21:35:56.215+00:00 DEBU CBAS.work.WorkQueue [Worker:ClusterController] Executing: TaskComplete: [a771316973056c9759aee152c7c79f8b[JID:0.1:TAID:TID:ANID:ODID:15:0:0:0]
2020-06-16T21:35:56.224+00:00 DEBU CBAS.work.WorkQueue [Worker:a771316973056c9759aee152c7c79f8b] Executing: StartTasks
2020-06-16T21:35:56.237+00:00 DEBU CBAS.partitions.MaterializingPipelinedPartition [Executor-14:a771316973056c9759aee152c7c79f8b:JID:0.1:TAID:TID:ANID:ODID:8:1:0:0:SuperActivityOperatorNodePushable] open(JID:0.1:CDID:19:0:0 by TAID:TID:ANID:ODID:8:1:0:0
2020-06-16T21:35:56.238+00:00 DEBU CBAS.partitions.MaterializingPipelinedPartition [Executor-14:a771316973056c9759aee152c7c79f8b:JID:0.1:TAID:TID:ANID:ODID:8:1:0:0:SuperActivityOperatorNodePushable] close(JID:0.1:CDID:19:0:0 by TAID:TID:ANID:ODID:8:1:0:0
2020-06-16T21:35:56.240+00:00 DEBU CBAS.work.WorkQueue [Worker:a771316973056c9759aee152c7c79f8b] Executing: NotifyTaskComplete: [a771316973056c9759aee152c7c79f8b[JID:0.1:TAID:TID:ANID:ODID:8:1:0:0]
2020-06-16T21:35:56.242+00:00 DEBU CBAS.work.WorkQueue [Worker:ClusterController] Executing: TaskComplete: [a771316973056c9759aee152c7c79f8b[JID:0.1:TAID:TID:ANID:ODID:8:1:0:0]
2020-06-16T21:35:56.261+00:00 DEBU CBAS.work.WorkQueue [Worker:a771316973056c9759aee152c7c79f8b] Executing: NotifyTaskComplete: [a771316973056c9759aee152c7c79f8b[JID:0.1:TAID:TID:ANID:ODID:5:0:0:0]
2020-06-16T21:35:56.262+00:00 DEBU CBAS.work.WorkQueue [Worker:a771316973056c9759aee152c7c79f8b] Executing: NotifyTaskComplete: [a771316973056c9759aee152c7c79f8b[JID:0.1:TAID:TID:ANID:ODID:22:0:0:0]
2020-06-16T21:35:56.264+00:00 DEBU CBAS.work.WorkQueue [Worker:ClusterController] Executing: TaskComplete: [a771316973056c9759aee152c7c79f8b[JID:0.1:TAID:TID:ANID:ODID:5:0:0:0]
2020-06-16T21:35:56.264+00:00 DEBU CBAS.work.WorkQueue [Worker:ClusterController] Executing: TaskComplete: [a771316973056c9759aee152c7c79f8b[JID:0.1:TAID:TID:ANID:ODID:22:0:0:0]
2020-06-16T21:35:56.269+00:00 DEBU CBAS.work.WorkQueue [Worker:a771316973056c9759aee152c7c79f8b] Executing: StartTasks
2020-06-16T21:35:56.288+00:00 DEBU CBAS.work.WorkQueue [Worker:a771316973056c9759aee152c7c79f8b] Executing: NotifyTaskComplete: [a771316973056c9759aee152c7c79f8b[JID:0.1:TAID:TID:ANID:ODID:3:0:0:0]
2020-06-16T21:35:56.290+00:00 DEBU CBAS.work.WorkQueue [Worker:a771316973056c9759aee152c7c79f8b] Executing: NotifyTaskComplete: [a771316973056c9759aee152c7c79f8b[JID:0.1:TAID:TID:ANID:ODID:2:1:0:0]
2020-06-16T21:35:56.293+00:00 DEBU CBAS.work.WorkQueue [Worker:ClusterController] Executing: TaskComplete: [a771316973056c9759aee152c7c79f8b[JID:0.1:TAID:TID:ANID:ODID:3:0:0:0]
2020-06-16T21:35:56.298+00:00 DEBU CBAS.work.WorkQueue [Worker:a771316973056c9759aee152c7c79f8b] Executing: NotifyTaskComplete: [a771316973056c9759aee152c7c79f8b[JID:0.1:TAID:TID:ANID:ODID:19:0:0:0]
2020-06-16T21:35:56.301+00:00 DEBU CBAS.work.WorkQueue [Worker:ClusterController] Executing: TaskComplete: [a771316973056c9759aee152c7c79f8b[JID:0.1:TAID:TID:ANID:ODID:2:1:0:0]
2020-06-16T21:35:56.301+00:00 DEBU CBAS.work.WorkQueue [Worker:ClusterController] Executing: TaskComplete: [a771316973056c9759aee152c7c79f8b[JID:0.1:TAID:TID:ANID:ODID:19:0:0:0]
2020-06-16T21:35:56.304+00:00 DEBU CBAS.work.WorkQueue [Worker:a771316973056c9759aee152c7c79f8b] Executing: NotifyTaskComplete: [a771316973056c9759aee152c7c79f8b[JID:0.1:TAID:TID:ANID:ODID:5:1:0:0]
2020-06-16T21:35:56.306+00:00 DEBU CBAS.work.WorkQueue [Worker:ClusterController] Executing: TaskComplete: [a771316973056c9759aee152c7c79f8b[JID:0.1:TAID:TID:ANID:ODID:5:1:0:0]
2020-06-16T21:35:56.310+00:00 DEBU CBAS.work.WorkQueue [Worker:a771316973056c9759aee152c7c79f8b] Executing: NotifyTaskComplete: [a771316973056c9759aee152c7c79f8b[JID:0.1:TAID:TID:ANID:ODID:21:0:0:0]
2020-06-16T21:35:56.311+00:00 DEBU CBAS.work.WorkQueue [Worker:ClusterController] Executing: TaskComplete: [a771316973056c9759aee152c7c79f8b[JID:0.1:TAID:TID:ANID:ODID:21:0:0:0]
2020-06-16T21:35:56.315+00:00 DEBU CBAS.work.WorkQueue [Worker:a771316973056c9759aee152c7c79f8b] Executing: StartTasks
2020-06-16T21:35:56.347+00:00 DEBU CBAS.work.WorkQueue [Worker:a771316973056c9759aee152c7c79f8b] Executing: NotifyTaskComplete: [a771316973056c9759aee152c7c79f8b[JID:0.1:TAID:TID:ANID:ODID:3:1:0:0]
2020-06-16T21:35:56.348+00:00 DEBU CBAS.work.WorkQueue [Worker:ClusterController] Executing: TaskComplete: [a771316973056c9759aee152c7c79f8b[JID:0.1:TAID:TID:ANID:ODID:3:1:0:0]
2020-06-16T21:35:56.427+00:00 DEBU CBAS.work.WorkQueue [Worker:ClusterController] Executing: RegisterResultPartitionLocation: JobId@JID:0.1 ResultSetId@RSID:0 Partition@0 NPartitions@1 ResultPartitionLocation@127.0.0.1:9117 metadata@ResultMetadata{format=CLEAN_JSON, jobDuration=0, processedObjects=0, diskIoCount=0} EmptyResult@false
2020-06-16T21:35:56.444+00:00 DEBU CBAS.work.WorkQueue [Worker:ClusterController] Executing: ReportResultPartitionWriteCompletion: JobId@JID:0.1 ResultSetId@RSID:0 Partition@0
2020-06-16T21:35:56.444+00:00 DEBU CBAS.work.WorkQueue [Worker:a771316973056c9759aee152c7c79f8b] Executing: NotifyTaskComplete: [a771316973056c9759aee152c7c79f8b[JID:0.1:TAID:TID:ANID:ODID:16:0:0:0]
2020-06-16T21:35:56.447+00:00 DEBU CBAS.work.WorkQueue [Worker:ClusterController] Executing: TaskComplete: [a771316973056c9759aee152c7c79f8b[JID:0.1:TAID:TID:ANID:ODID:16:0:0:0]
2020-06-16T21:35:56.449+00:00 DEBU CBAS.work.WorkQueue [Worker:ClusterController] Executing: JobCleanup: JobId@JID:0.1 Status@TERMINATED
2020-06-16T21:35:56.459+00:00 DEBU CBAS.work.WorkQueue [Worker:a771316973056c9759aee152c7c79f8b] Executing: CleanupJoblet
2020-06-16T21:35:56.459+00:00 DEBU CBAS.work.CleanupJobletWork [Worker:a771316973056c9759aee152c7c79f8b] cleaning up after job: JID:0.1
2020-06-16T21:35:56.476+00:00 DEBU CBAS.work.WorkQueue [Worker:ClusterController] Executing: JobletCleanupNotification
2020-06-16T21:35:56.487+00:00 DEBU CBAS.active.ActiveNotificationHandler [Worker:ClusterController] Getting notified of job finish for JobId: JID:0.1
2020-06-16T21:35:56.487+00:00 DEBU CBAS.active.ActiveNotificationHandler [Worker:ClusterController] no need to notify job finish
2020-06-16T21:35:56.524+00:00 DEBU CBAS.work.WorkQueue [Worker:a771316973056c9759aee152c7c79f8b] Executing: ApplicationMessage: nodeId: a771316973056c9759aee152c7c79f8b
2020-06-16T21:35:56.569+00:00 DEBU CBAS.work.WorkQueue [Worker:ClusterController] Executing: GetResultDirectoryAddress
2020-06-16T21:35:56.598+00:00 DEBU CBAS.work.WorkQueue [Worker:ClusterController] Executing: GetResultPartitionLocations: JobId@JID:0.1 ResultSetId@RSID:0 Known@null
2020-06-16T21:36:15.959+00:00 DEBU CBAS.work.WorkQueue [Worker:ClusterController] Executing: RemoveDeadNodes
2020-06-16T21:36:21.911+00:00 DEBU CBAS.heartbeat.HeartbeatManager [Executor-21:a771316973056c9759aee152c7c79f8b] ack rec'd from CC:0 w/ exception: null
2020-06-16T21:36:45.959+00:00 DEBU CBAS.work.WorkQueue [Worker:ClusterController] Executing: RemoveDeadNodes
2020-06-16T21:36:51.873+00:00 DEBU CBAS.heartbeat.HeartbeatManager [Executor-21:a771316973056c9759aee152c7c79f8b] ack rec'd from CC:0 w/ exception: null
2020-06-16T21:37:15.960+00:00 DEBU CBAS.work.WorkQueue [Worker:ClusterController] Executing: RemoveDeadNodes
2020-06-16T21:37:21.845+00:00 DEBU CBAS.heartbeat.HeartbeatManager [Executor-21:a771316973056c9759aee152c7c79f8b] ack rec'd from CC:0 w/ exception: null
2020-06-16T21:37:45.978+00:00 DEBU CBAS.work.WorkQueue [Worker:ClusterController] Executing: RemoveDeadNodes
2020-06-16T21:37:51.824+00:00 DEBU CBAS.heartbeat.HeartbeatManager [Executor-21:a771316973056c9759aee152c7c79f8b] ack rec'd from CC:0 w/ exception: null
2020-06-16T21:38:15.979+00:00 DEBU CBAS.work.WorkQueue [Worker:ClusterController] Executing: RemoveDeadNodes
2020-06-16T21:38:21.804+00:00 DEBU CBAS.heartbeat.HeartbeatManager [Executor-21:a771316973056c9759aee152c7c79f8b] ack rec'd from CC:0 w/ exception: null
2020-06-16T21:38:45.979+00:00 DEBU CBAS.work.WorkQueue [Worker:ClusterController] Executing: RemoveDeadNodes
2020-06-16T21:38:51.782+00:00 DEBU CBAS.heartbeat.HeartbeatManager [Executor-21:a771316973056c9759aee152c7c79f8b] ack rec'd from CC:0 w/ exception: null
2020-06-16T21:38:52.158+00:00 DEBU CBAS.work.WorkQueue [Worker:ClusterController] Executing: ApplicationMessage: nodeID: a771316973056c9759aee152c7c79f8b
2020-06-16T21:38:52.252+00:00 DEBU CBAS.work.WorkQueue [Worker:ClusterController] Executing: GetNodeControllersInfo
2020-06-16T21:38:52.594+00:00 DEBU CBAS.work.WorkQueue [Worker:ClusterController] Executing: JobStart
2020-06-16T21:38:52.619+00:00 DEBU CBAS.result.ResultDirectoryService [Worker:ClusterController] ResultDirectoryService notified of new job JID:0.2
2020-06-16T21:38:52.622+00:00 DEBU CBAS.active.ActiveNotificationHandler [Worker:ClusterController] notifyJobCreation(JobId jobId, JobSpecification jobSpecification) was called with jobId = JID:0.2
2020-06-16T21:38:52.624+00:00 DEBU CBAS.active.ActiveNotificationHandler [Worker:ClusterController] Job is not of type active job. property found to be: null
2020-06-16T21:38:52.659+00:00 DEBU CBAS.work.WorkQueue [Worker:a771316973056c9759aee152c7c79f8b] Executing: StartTasks
2020-06-16T21:38:52.662+00:00 DEBU CBAS.work.WorkQueue [Worker:ClusterController] Executing: WaitForJobCompletion
2020-06-16T21:38:53.284+00:00 DEBU CBAS.work.WorkQueue [Worker:a771316973056c9759aee152c7c79f8b] Executing: NotifyTaskComplete: [a771316973056c9759aee152c7c79f8b[JID:0.2:TAID:TID:ANID:ODID:20:0:0:0]
2020-06-16T21:38:53.287+00:00 DEBU CBAS.work.WorkQueue [Worker:ClusterController] Executing: TaskComplete: [a771316973056c9759aee152c7c79f8b[JID:0.2:TAID:TID:ANID:ODID:20:0:0:0]
2020-06-16T21:38:53.290+00:00 DEBU CBAS.work.WorkQueue [Worker:a771316973056c9759aee152c7c79f8b] Executing: NotifyTaskComplete: [a771316973056c9759aee152c7c79f8b[JID:0.2:TAID:TID:ANID:ODID:8:0:0:0]
2020-06-16T21:38:53.295+00:00 DEBU CBAS.work.WorkQueue [Worker:ClusterController] Executing: TaskComplete: [a771316973056c9759aee152c7c79f8b[JID:0.2:TAID:TID:ANID:ODID:8:0:0:0]
2020-06-16T21:38:53.308+00:00 DEBU CBAS.work.WorkQueue [Worker:a771316973056c9759aee152c7c79f8b] Executing: NotifyTaskComplete: [a771316973056c9759aee152c7c79f8b[JID:0.2:TAID:TID:ANID:ODID:16:0:0:0]
2020-06-16T21:38:53.316+00:00 DEBU CBAS.work.WorkQueue [Worker:a771316973056c9759aee152c7c79f8b] Executing: NotifyTaskComplete: [a771316973056c9759aee152c7c79f8b[JID:0.2:TAID:TID:ANID:ODID:5:0:0:0]
2020-06-16T21:38:53.366+00:00 DEBU CBAS.work.WorkQueue [Worker:ClusterController] Executing: TaskComplete: [a771316973056c9759aee152c7c79f8b[JID:0.2:TAID:TID:ANID:ODID:16:0:0:0]
2020-06-16T21:38:53.367+00:00 DEBU CBAS.work.WorkQueue [Worker:ClusterController] Executing: TaskComplete: [a771316973056c9759aee152c7c79f8b[JID:0.2:TAID:TID:ANID:ODID:5:0:0:0]
2020-06-16T21:38:53.388+00:00 DEBU CBAS.work.WorkQueue [Worker:a771316973056c9759aee152c7c79f8b] Executing: StartTasks
2020-06-16T21:38:53.395+00:00 DEBU CBAS.partitions.MaterializingPipelinedPartition [Executor-24:a771316973056c9759aee152c7c79f8b:JID:0.2:TAID:TID:ANID:ODID:8:1:0:0:SuperActivityOperatorNodePushable] open(JID:0.2:CDID:19:0:0 by TAID:TID:ANID:ODID:8:1:0:0
2020-06-16T21:38:53.395+00:00 DEBU CBAS.partitions.MaterializingPipelinedPartition [Executor-24:a771316973056c9759aee152c7c79f8b:JID:0.2:TAID:TID:ANID:ODID:8:1:0:0:SuperActivityOperatorNodePushable] close(JID:0.2:CDID:19:0:0 by TAID:TID:ANID:ODID:8:1:0:0
2020-06-16T21:38:53.400+00:00 DEBU CBAS.work.WorkQueue [Worker:a771316973056c9759aee152c7c79f8b] Executing: NotifyTaskComplete: [a771316973056c9759aee152c7c79f8b[JID:0.2:TAID:TID:ANID:ODID:8:1:0:0]
2020-06-16T21:38:53.426+00:00 DEBU CBAS.work.WorkQueue [Worker:a771316973056c9759aee152c7c79f8b] Executing: NotifyTaskComplete: [a771316973056c9759aee152c7c79f8b[JID:0.2:TAID:TID:ANID:ODID:17:0:0:0]
2020-06-16T21:38:53.448+00:00 DEBU CBAS.work.WorkQueue [Worker:ClusterController] Executing: TaskComplete: [a771316973056c9759aee152c7c79f8b[JID:0.2:TAID:TID:ANID:ODID:8:1:0:0]
2020-06-16T21:38:53.449+00:00 DEBU CBAS.work.WorkQueue [Worker:a771316973056c9759aee152c7c79f8b] Executing: StartTasks
2020-06-16T21:38:53.452+00:00 DEBU CBAS.work.WorkQueue [Worker:ClusterController] Executing: TaskComplete: [a771316973056c9759aee152c7c79f8b[JID:0.2:TAID:TID:ANID:ODID:17:0:0:0]
2020-06-16T21:38:53.485+00:00 DEBU CBAS.work.WorkQueue [Worker:a771316973056c9759aee152c7c79f8b] Executing: NotifyTaskComplete: [a771316973056c9759aee152c7c79f8b[JID:0.2:TAID:TID:ANID:ODID:3:0:0:0]
2020-06-16T21:38:53.487+00:00 DEBU CBAS.work.WorkQueue [Worker:a771316973056c9759aee152c7c79f8b] Executing: NotifyTaskComplete: [a771316973056c9759aee152c7c79f8b[JID:0.2:TAID:TID:ANID:ODID:5:1:0:0]
2020-06-16T21:38:53.490+00:00 DEBU CBAS.work.WorkQueue [Worker:ClusterController] Executing: TaskComplete: [a771316973056c9759aee152c7c79f8b[JID:0.2:TAID:TID:ANID:ODID:3:0:0:0]
2020-06-16T21:38:53.490+00:00 DEBU CBAS.work.WorkQueue [Worker:ClusterController] Executing: TaskComplete: [a771316973056c9759aee152c7c79f8b[JID:0.2:TAID:TID:ANID:ODID:5:1:0:0]
2020-06-16T21:38:53.501+00:00 DEBU CBAS.work.WorkQueue [Worker:a771316973056c9759aee152c7c79f8b] Executing: NotifyTaskComplete: [a771316973056c9759aee152c7c79f8b[JID:0.2:TAID:TID:ANID:ODID:21:0:0:0]
2020-06-16T21:38:53.501+00:00 DEBU CBAS.work.WorkQueue [Worker:a771316973056c9759aee152c7c79f8b] Executing: NotifyTaskComplete: [a771316973056c9759aee152c7c79f8b[JID:0.2:TAID:TID:ANID:ODID:2:1:0:0]
2020-06-16T21:38:53.502+00:00 DEBU CBAS.work.WorkQueue [Worker:ClusterController] Executing: TaskComplete: [a771316973056c9759aee152c7c79f8b[JID:0.2:TAID:TID:ANID:ODID:21:0:0:0]
2020-06-16T21:38:53.503+00:00 DEBU CBAS.work.WorkQueue [Worker:ClusterController] Executing: TaskComplete: [a771316973056c9759aee152c7c79f8b[JID:0.2:TAID:TID:ANID:ODID:2:1:0:0]
2020-06-16T21:38:53.549+00:00 DEBU CBAS.work.WorkQueue [Worker:a771316973056c9759aee152c7c79f8b] Executing: StartTasks
2020-06-16T21:38:53.563+00:00 DEBU CBAS.work.WorkQueue [Worker:a771316973056c9759aee152c7c79f8b] Executing: NotifyTaskComplete: [a771316973056c9759aee152c7c79f8b[JID:0.2:TAID:TID:ANID:ODID:3:1:0:0]
2020-06-16T21:38:53.568+00:00 DEBU CBAS.work.WorkQueue [Worker:ClusterController] Executing: TaskComplete: [a771316973056c9759aee152c7c79f8b[JID:0.2:TAID:TID:ANID:ODID:3:1:0:0]
2020-06-16T21:38:53.589+00:00 DEBU CBAS.work.WorkQueue [Worker:ClusterController] Executing: RegisterResultPartitionLocation: JobId@JID:0.2 ResultSetId@RSID:0 Partition@0 NPartitions@1 ResultPartitionLocation@127.0.0.1:9117 metadata@ResultMetadata{format=CLEAN_JSON, jobDuration=0, processedObjects=0, diskIoCount=0} EmptyResult@false
2020-06-16T21:38:53.607+00:00 DEBU CBAS.work.WorkQueue [Worker:ClusterController] Executing: ReportResultPartitionWriteCompletion: JobId@JID:0.2 ResultSetId@RSID:0 Partition@0
2020-06-16T21:38:53.610+00:00 DEBU CBAS.work.WorkQueue [Worker:a771316973056c9759aee152c7c79f8b] Executing: NotifyTaskComplete: [a771316973056c9759aee152c7c79f8b[JID:0.2:TAID:TID:ANID:ODID:15:0:0:0]
2020-06-16T21:38:53.611+00:00 DEBU CBAS.work.WorkQueue [Worker:ClusterController] Executing: TaskComplete: [a771316973056c9759aee152c7c79f8b[JID:0.2:TAID:TID:ANID:ODID:15:0:0:0]
2020-06-16T21:38:53.612+00:00 DEBU CBAS.work.WorkQueue [Worker:ClusterController] Executing: JobCleanup: JobId@JID:0.2 Status@TERMINATED
2020-06-16T21:38:53.615+00:00 DEBU CBAS.work.WorkQueue [Worker:a771316973056c9759aee152c7c79f8b] Executing: CleanupJoblet
2020-06-16T21:38:53.615+00:00 DEBU CBAS.work.CleanupJobletWork [Worker:a771316973056c9759aee152c7c79f8b] cleaning up after job: JID:0.2
2020-06-16T21:38:53.619+00:00 DEBU CBAS.work.WorkQueue [Worker:ClusterController] Executing: JobletCleanupNotification
2020-06-16T21:38:53.619+00:00 DEBU CBAS.active.ActiveNotificationHandler [Worker:ClusterController] Getting notified of job finish for JobId: JID:0.2
2020-06-16T21:38:53.621+00:00 DEBU CBAS.active.ActiveNotificationHandler [Worker:ClusterController] no need to notify job finish
2020-06-16T21:38:53.636+00:00 DEBU CBAS.work.WorkQueue [Worker:a771316973056c9759aee152c7c79f8b] Executing: ApplicationMessage: nodeId: a771316973056c9759aee152c7c79f8b
2020-06-16T21:38:53.647+00:00 DEBU CBAS.work.WorkQueue [Worker:ClusterController] Executing: GetResultPartitionLocations: JobId@JID:0.2 ResultSetId@RSID:0 Known@null
