2020-06-16T21:33:38.014+00:00 [Info] Started eventing producer version: evt-6.5.1-6299-ee
2020-06-16T21:33:38.015+00:00 [Info] Setting IP mode to ipv4
2020-06-16T21:33:38.034+00:00 [INFO] Using plain authentication for user <ud>@eventing</ud> 
2020-06-16T21:33:38.036+00:00 [INFO] Using plain authentication for user <ud>@eventing</ud> 
2020-06-16T21:33:38.037+00:00 [INFO] Using plain authentication for user <ud>@eventing</ud> 
2020-06-16T21:33:38.040+00:00 [INFO] Using plain authentication for user <ud>@eventing</ud> 
2020-06-16T21:33:38.043+00:00 [INFO] Using plain authentication for user <ud>@eventing</ud> 
2020/06/16 21:33:38 audit: created new audit service
2020-06-16T21:33:38.046+00:00 [Info] Supervisor::ServeBackground Spawned up supervision tree, context: SuperSupervisor
2020-06-16T21:33:38.049+00:00 [Info] ServiceMgr::newServiceMgr config: util.Config{"eventing_admin_ssl_key":"/opt/couchbase/var/lib/couchbase/config/memcached-key.pem", "eventing_dir":"/opt/couchbase/var/lib/couchbase/data/@eventing", "rest_port":"8091", "uuid":"a771316973056c9759aee152c7c79f8b", "eventing_admin_http_port":"8096", "eventing_admin_debugger_port":"9140", "eventing_admin_ssl_port":"18096", "eventing_admin_ssl_cert":"/opt/couchbase/var/lib/couchbase/config/memcached-cert.pem"} rebalanceRunning: false
2020-06-16T21:33:38.053+00:00 [Info] ServiceMgr::initService adminHTTPPort: 8096 adminSSLPort: 18096
2020-06-16T21:33:38.056+00:00 [Info] ServiceMgr::initService certFile: /opt/couchbase/var/lib/couchbase/config/memcached-cert.pem keyFile: /opt/couchbase/var/lib/couchbase/config/memcached-key.pem
2020-06-16T21:33:38.057+00:00 [Info] Registering against cbauth_service, uuid: a771316973056c9759aee152c7c79f8b
2020-06-16T21:33:38.072+00:00 [Info] ServiceMgr::getConfig Retrieving config from metakv: map[ram_quota:256]
2020-06-16T21:33:38.077+00:00 [Info] ServiceMgr::getConfig Retrieving config from metakv: map[ram_quota:256]
2020-06-16T21:33:38.077+00:00 [Info] ServiceMgr::saveConfig Saving config into metakv: map[ram_quota:256 enable_debugger:false]
2020-06-16T21:33:38.084+00:00 [Info] ServiceMgr::GetTaskList rev: service.Revision(nil)
2020-06-16T21:33:38.090+00:00 [Info] ServiceMgr::GetCurrentTopology rev: service.Revision(nil)
2020-06-16T21:33:38.103+00:00 [Info] ServiceMgr::initService Admin HTTP server started: :8096
2020-06-16T21:33:38.104+00:00 [Info] ServiceMgr::GetCurrentTopology rev: service.Revision{0x0, 0x0, 0x0, 0x0, 0x0, 0x0, 0x0, 0x0}
2020-06-16T21:33:38.105+00:00 [Info] ServiceMgr::GetTaskList rev: service.Revision{0x0, 0x0, 0x0, 0x0, 0x0, 0x0, 0x0, 0x0}
2020-06-16T21:33:38.128+00:00 [Info] ServiceMgr::initService SSL server started: &{:18096 0xc420472390 0xc4203b8780 1m0s 0s 1m0s 0s 0 map[] <nil> <nil> 0 0 {{0 0} 0} <nil> {0 0} map[] map[] <nil> []}
2020-06-16T21:33:38.170+00:00 [Info] SuperSupervisor::GlobalConfigChangeCallback [0] Path => /eventing/settings/config value => {
 "enable_debugger": false,
 "ram_quota": 256
}
2020-06-16T21:33:38.170+00:00 [Info] SuperSupervisor::HandleGlobalConfigChange [0] Config key: ram_quota value: 256
2020-06-16T21:33:38.170+00:00 [Info] SuperSupervisor::HandleGlobalConfigChange [0] Config key: enable_debugger value: false
2020-06-16T21:33:38.176+00:00 [Info] servicesChangeNotifier: Creating new notifier instance for http://%40eventing-cbauth@127.0.0.1:8091, default
2020-06-16T21:33:38.189+00:00 [Info] serviceChangeNotifier: received ServiceChangeNotification
2020-06-16T21:33:38.207+00:00 [Info] serviceChangeNotifier: received PoolChangeNotification
2020-06-16T21:33:39.762+00:00 [Info] ServiceMgr::GetNodeInfo nodeInfo: &service.NodeInfo{NodeID:"a771316973056c9759aee152c7c79f8b", Priority:0, Opaque:interface {}(nil)}
2020-06-16T21:33:39.768+00:00 [Info] ServiceMgr::PrepareTopologyChange change: service.TopologyChange{ID:"2be3f7f94ba8bb1cd39fba0269555776", CurrentTopologyRev:service.Revision(nil), Type:"topology-change-rebalance", KeepNodes:[]struct { NodeInfo service.NodeInfo "json:\"nodeInfo\""; RecoveryType service.RecoveryType "json:\"recoveryType\"" }{struct { NodeInfo service.NodeInfo "json:\"nodeInfo\""; RecoveryType service.RecoveryType "json:\"recoveryType\"" }{NodeInfo:service.NodeInfo{NodeID:"a771316973056c9759aee152c7c79f8b", Priority:0, Opaque:interface {}(nil)}, RecoveryType:"recovery-full"}}, EjectNodes:[]service.NodeInfo{}}
2020-06-16T21:33:39.768+00:00 [Info] ServiceMgr::PrepareTopologyChange ejectNodeUUIDs: [] keepNodeUUIDs: [a771316973056c9759aee152c7c79f8b]
2020-06-16T21:33:39.768+00:00 [Info] SuperSupervisor::NotifyPrepareTopologyChange [0] Updating keepNodes [a771316973056c9759aee152c7c79f8b]
2020-06-16T21:33:39.773+00:00 [Info] ServiceMgr::GetTaskList rev: service.Revision{0x0, 0x0, 0x0, 0x0, 0x0, 0x0, 0x0, 0x1}
2020-06-16T21:33:39.776+00:00 [Info] ServiceMgr::GetCurrentTopology rev: service.Revision{0x0, 0x0, 0x0, 0x0, 0x0, 0x0, 0x0, 0x1}
2020-06-16T21:33:39.779+00:00 [Info] ServiceMgr::StartTopologyChange change: service.TopologyChange{ID:"2be3f7f94ba8bb1cd39fba0269555776", CurrentTopologyRev:service.Revision(nil), Type:"topology-change-rebalance", KeepNodes:[]struct { NodeInfo service.NodeInfo "json:\"nodeInfo\""; RecoveryType service.RecoveryType "json:\"recoveryType\"" }{struct { NodeInfo service.NodeInfo "json:\"nodeInfo\""; RecoveryType service.RecoveryType "json:\"recoveryType\"" }{NodeInfo:service.NodeInfo{NodeID:"a771316973056c9759aee152c7c79f8b", Priority:0, Opaque:interface {}(nil)}, RecoveryType:"recovery-full"}}, EjectNodes:[]service.NodeInfo{}}
2020-06-16T21:33:39.815+00:00 [Info] serviceChangeNotifier: received ServiceChangeNotification
2020-06-16T21:33:39.836+00:00 [Info] ServiceMgr::StartTopologyChange Active Eventing nodes in the cluster: []
2020-06-16T21:33:39.842+00:00 [Info] ServiceMgr::storeKeepNodesCallback Keep nodes UUID(s): [a771316973056c9759aee152c7c79f8b]
2020-06-16T21:33:39.842+00:00 [Info] ServiceMgr::startRebalance Garbage collecting old rebalance tokens
2020-06-16T21:33:39.851+00:00 [Info] ServiceMgr::startRebalance Writing rebalance token: 2be3f7f94ba8bb1cd39fba0269555776 to metakv
2020-06-16T21:33:39.859+00:00 [Info] SuperSupervisor::TopologyChangeNotifCallback [0] Path => /eventing/rebalanceToken/2be3f7f94ba8bb1cd39fba0269555776 value => 2be3f7f94ba8bb1cd39fba0269555776
2020-06-16T21:33:39.865+00:00 [Info] ServiceMgr::StartTopologyChange Starting up rebalancer
2020-06-16T21:33:39.866+00:00 [Error] Client::Get URL: http://127.0.0.1:8096/getAggRebalanceProgress Failed to set auth params, err: Unable to find given hostport in cbauth database: `127.0.0.1:8096'
2020-06-16T21:33:39.866+00:00 [Error] util::GetProgress Failed to gather task status from url: http://127.0.0.1:8096/getAggRebalanceProgress, err: Unable to find given hostport in cbauth database: `127.0.0.1:8096'
2020-06-16T21:33:39.866+00:00 [Warn] rebalancer::gatherProgress Failed to capture rebalance progress, initProgress: &{0 0 0 0 <nil>} errMap dump: map[127.0.0.1:8096:Unable to find given hostport in cbauth database: `127.0.0.1:8096']
2020-06-16T21:33:39.873+00:00 [Info] ServiceMgr::GetTaskList rev: service.Revision(nil)
2020-06-16T21:33:39.874+00:00 [Info] ServiceMgr::GetCurrentTopology rev: service.Revision(nil)
2020-06-16T21:33:39.878+00:00 [Info] ServiceMgr::GetTaskList rev: service.Revision{0x0, 0x0, 0x0, 0x0, 0x0, 0x0, 0x0, 0x3}
2020-06-16T21:33:39.879+00:00 [Info] ServiceMgr::GetCurrentTopology rev: service.Revision{0x0, 0x0, 0x0, 0x0, 0x0, 0x0, 0x0, 0x3}
2020-06-16T21:33:39.882+00:00 [Info] ServiceMgr::GetTaskList rev: service.Revision(nil)
2020-06-16T21:33:39.885+00:00 [Info] ServiceMgr::GetCurrentTopology rev: service.Revision(nil)
2020-06-16T21:33:39.886+00:00 [Info] SuperSupervisor::TopologyChangeNotifCallback [0] Apps in primary store: [], running apps: map[]
2020-06-16T21:33:39.887+00:00 [Info] ServiceMgr::GetTaskList rev: service.Revision{0x0, 0x0, 0x0, 0x0, 0x0, 0x0, 0x0, 0x3}
2020-06-16T21:33:39.890+00:00 [Info] ServiceMgr::GetCurrentTopology rev: service.Revision{0x0, 0x0, 0x0, 0x0, 0x0, 0x0, 0x0, 0x3}
2020-06-16T21:33:39.956+00:00 [Info] serviceChangeNotifier: received ServiceChangeNotification
2020-06-16T21:33:40.881+00:00 [Info] serviceChangeNotifier: received ServiceChangeNotification
2020-06-16T21:33:42.876+00:00 [Info] serviceChangeNotifier: received ServiceChangeNotification
2020-06-16T21:33:48.102+00:00 [Info] serviceChangeNotifier: received PoolChangeNotification
2020-06-16T21:33:48.409+00:00 [Info] serviceChangeNotifier: received PoolChangeNotification
2020-06-16T21:33:48.760+00:00 [Info] serviceChangeNotifier: received PoolChangeNotification
2020-06-16T21:33:49.318+00:00 [Info] serviceChangeNotifier: received PoolChangeNotification
2020-06-16T21:33:49.917+00:00 [Info] serviceChangeNotifier: received PoolChangeNotification
2020-06-16T21:33:54.197+00:00 [Info] serviceChangeNotifier: received PoolChangeNotification
2020-06-16T21:34:09.856+00:00 [Info] ServiceMgr::GetTaskList rev: service.Revision(nil)
2020-06-16T21:34:09.858+00:00 [Info] ServiceMgr::GetCurrentTopology rev: service.Revision(nil)
2020-06-16T21:34:09.866+00:00 [Info] ServiceMgr::GetTaskList rev: service.Revision(nil)
2020-06-16T21:34:09.868+00:00 [Info] ServiceMgr::GetCurrentTopology rev: service.Revision(nil)
2020-06-16T21:34:09.923+00:00 [Info] ServiceMgr::GetTaskList rev: service.Revision{0x0, 0x0, 0x0, 0x0, 0x0, 0x0, 0x0, 0x3}
2020-06-16T21:34:09.949+00:00 [Info] ServiceMgr::GetCurrentTopology rev: service.Revision{0x0, 0x0, 0x0, 0x0, 0x0, 0x0, 0x0, 0x3}
2020-06-16T21:34:23.233+00:00 [Info] serviceChangeNotifier: received PoolChangeNotification
2020-06-16T21:34:38.061+00:00 [Info] {"allocated":4293032,"heap_allocated":4293032,"heap_idle":1900544,"heap_in_use":5636096,"heap_objects":20944,"heap_os_related":0,"heap_system":7536640,"last_gc_cycle":"2020-06-16 21:34:23.332457804 +0000 UTC","memory_allocations":82846,"memory_frees":61902,"next_gc_cycle":"6ms","num_gc":4,"stack_cache_in_use":3472,"stack_in_use":851968,"stack_span_in_use":61864,"stack_system":851968,"total_allocated":11295768}
2020-06-16T21:34:39.902+00:00 [Info] ServiceMgr::GetTaskList rev: service.Revision(nil)
2020-06-16T21:34:39.905+00:00 [Info] ServiceMgr::GetTaskList rev: service.Revision{0x0, 0x0, 0x0, 0x0, 0x0, 0x0, 0x0, 0x3}
2020-06-16T21:34:39.927+00:00 [Info] ServiceMgr::GetCurrentTopology rev: service.Revision(nil)
2020-06-16T21:34:39.931+00:00 [Info] ServiceMgr::GetCurrentTopology rev: service.Revision{0x0, 0x0, 0x0, 0x0, 0x0, 0x0, 0x0, 0x3}
2020-06-16T21:35:09.887+00:00 [Info] ServiceMgr::GetTaskList rev: service.Revision(nil)
2020-06-16T21:35:09.891+00:00 [Info] ServiceMgr::GetTaskList rev: service.Revision{0x0, 0x0, 0x0, 0x0, 0x0, 0x0, 0x0, 0x3}
2020-06-16T21:35:09.910+00:00 [Info] ServiceMgr::GetCurrentTopology rev: service.Revision(nil)
2020-06-16T21:35:09.913+00:00 [Info] ServiceMgr::GetCurrentTopology rev: service.Revision{0x0, 0x0, 0x0, 0x0, 0x0, 0x0, 0x0, 0x3}
2020-06-16T21:35:38.016+00:00 [Info] {"allocated":5780528,"heap_allocated":5780528,"heap_idle":1662976,"heap_in_use":6922240,"heap_objects":20821,"heap_os_related":0,"heap_system":8585216,"last_gc_cycle":"2020-06-16 21:35:03.35004256 +0000 UTC","memory_allocations":95620,"memory_frees":74799,"next_gc_cycle":"6ms","num_gc":5,"stack_cache_in_use":3472,"stack_in_use":851968,"stack_span_in_use":69160,"stack_system":851968,"total_allocated":15868688}
2020-06-16T21:35:39.870+00:00 [Info] ServiceMgr::GetTaskList rev: service.Revision(nil)
2020-06-16T21:35:39.879+00:00 [Info] ServiceMgr::GetTaskList rev: service.Revision{0x0, 0x0, 0x0, 0x0, 0x0, 0x0, 0x0, 0x3}
2020-06-16T21:35:39.892+00:00 [Info] ServiceMgr::GetCurrentTopology rev: service.Revision(nil)
2020-06-16T21:35:39.898+00:00 [Info] ServiceMgr::GetCurrentTopology rev: service.Revision{0x0, 0x0, 0x0, 0x0, 0x0, 0x0, 0x0, 0x3}
2020-06-16T21:36:09.857+00:00 [Info] ServiceMgr::GetTaskList rev: service.Revision(nil)
2020-06-16T21:36:09.863+00:00 [Info] ServiceMgr::GetTaskList rev: service.Revision{0x0, 0x0, 0x0, 0x0, 0x0, 0x0, 0x0, 0x3}
2020-06-16T21:36:09.876+00:00 [Info] ServiceMgr::GetCurrentTopology rev: service.Revision(nil)
2020-06-16T21:36:09.878+00:00 [Info] ServiceMgr::GetCurrentTopology rev: service.Revision{0x0, 0x0, 0x0, 0x0, 0x0, 0x0, 0x0, 0x3}
2020-06-16T21:36:37.984+00:00 [Info] {"allocated":4460176,"heap_allocated":4460176,"heap_idle":2859008,"heap_in_use":5693440,"heap_objects":18066,"heap_os_related":0,"heap_system":8552448,"last_gc_cycle":"2020-06-16 21:36:18.517578824 +0000 UTC","memory_allocations":109716,"memory_frees":91650,"next_gc_cycle":"6ms","num_gc":7,"stack_cache_in_use":3472,"stack_in_use":884736,"stack_span_in_use":60952,"stack_system":884736,"total_allocated":20586816}
2020-06-16T21:36:39.841+00:00 [Info] ServiceMgr::GetTaskList rev: service.Revision(nil)
2020-06-16T21:36:39.846+00:00 [Info] ServiceMgr::GetTaskList rev: service.Revision{0x0, 0x0, 0x0, 0x0, 0x0, 0x0, 0x0, 0x3}
2020-06-16T21:36:39.857+00:00 [Info] ServiceMgr::GetCurrentTopology rev: service.Revision(nil)
2020-06-16T21:36:39.861+00:00 [Info] ServiceMgr::GetCurrentTopology rev: service.Revision{0x0, 0x0, 0x0, 0x0, 0x0, 0x0, 0x0, 0x3}
2020-06-16T21:37:09.823+00:00 [Info] ServiceMgr::GetTaskList rev: service.Revision(nil)
2020-06-16T21:37:09.832+00:00 [Info] ServiceMgr::GetTaskList rev: service.Revision{0x0, 0x0, 0x0, 0x0, 0x0, 0x0, 0x0, 0x3}
2020-06-16T21:37:09.840+00:00 [Info] ServiceMgr::GetCurrentTopology rev: service.Revision(nil)
2020-06-16T21:37:09.845+00:00 [Info] ServiceMgr::GetCurrentTopology rev: service.Revision{0x0, 0x0, 0x0, 0x0, 0x0, 0x0, 0x0, 0x3}
2020-06-16T21:37:37.927+00:00 [Info] {"allocated":6164184,"heap_allocated":6164184,"heap_idle":1327104,"heap_in_use":7258112,"heap_objects":21615,"heap_os_related":0,"heap_system":8585216,"last_gc_cycle":"2020-06-16 21:36:58.56568901 +0000 UTC","memory_allocations":122473,"memory_frees":100858,"next_gc_cycle":"6ms","num_gc":8,"stack_cache_in_use":3472,"stack_in_use":851968,"stack_span_in_use":71136,"stack_system":851968,"total_allocated":25158528}
2020-06-16T21:37:39.810+00:00 [Info] ServiceMgr::GetTaskList rev: service.Revision(nil)
2020-06-16T21:37:39.814+00:00 [Info] ServiceMgr::GetTaskList rev: service.Revision{0x0, 0x0, 0x0, 0x0, 0x0, 0x0, 0x0, 0x3}
2020-06-16T21:37:39.824+00:00 [Info] ServiceMgr::GetCurrentTopology rev: service.Revision(nil)
2020-06-16T21:37:39.827+00:00 [Info] ServiceMgr::GetCurrentTopology rev: service.Revision{0x0, 0x0, 0x0, 0x0, 0x0, 0x0, 0x0, 0x3}
2020-06-16T21:38:09.792+00:00 [Info] ServiceMgr::GetTaskList rev: service.Revision(nil)
2020-06-16T21:38:09.796+00:00 [Info] ServiceMgr::GetTaskList rev: service.Revision{0x0, 0x0, 0x0, 0x0, 0x0, 0x0, 0x0, 0x3}
2020-06-16T21:38:09.805+00:00 [Info] ServiceMgr::GetCurrentTopology rev: service.Revision(nil)
2020-06-16T21:38:09.807+00:00 [Info] ServiceMgr::GetCurrentTopology rev: service.Revision{0x0, 0x0, 0x0, 0x0, 0x0, 0x0, 0x0, 0x3}
2020-06-16T21:38:37.882+00:00 [Info] {"allocated":4687568,"heap_allocated":4687568,"heap_idle":2670592,"heap_in_use":5914624,"heap_objects":18463,"heap_os_related":0,"heap_system":8585216,"last_gc_cycle":"2020-06-16 21:38:18.747626102 +0000 UTC","memory_allocations":135262,"memory_frees":116799,"next_gc_cycle":"7ms","num_gc":10,"stack_cache_in_use":3472,"stack_in_use":851968,"stack_span_in_use":64296,"stack_system":851968,"total_allocated":29741696}
2020-06-16T21:38:39.774+00:00 [Info] ServiceMgr::GetTaskList rev: service.Revision(nil)
2020-06-16T21:38:39.778+00:00 [Info] ServiceMgr::GetTaskList rev: service.Revision{0x0, 0x0, 0x0, 0x0, 0x0, 0x0, 0x0, 0x3}
2020-06-16T21:38:39.786+00:00 [Info] ServiceMgr::GetCurrentTopology rev: service.Revision(nil)
2020-06-16T21:38:39.791+00:00 [Info] ServiceMgr::GetCurrentTopology rev: service.Revision{0x0, 0x0, 0x0, 0x0, 0x0, 0x0, 0x0, 0x3}
