2020-06-16T21:32:37.743Z INFO GOXDCR.ReplMgr: GOMAXPROCS=2
2020-06-16T21:32:39.027Z INFO GOXDCR.AuditSvc: Created audit service.
2020-06-16T21:32:39.027Z INFO GOXDCR.UILogSvc: Created ui log service.
2020-06-16T21:32:39.100Z INFO GOXDCR.ReplSpecSvc: Cache has been initialized for ReplicationSpecService
2020-06-16T21:32:39.212Z INFO GOXDCR.IntSettSvc: Internal settings not found in metakv
2020-06-16T21:32:39.217Z INFO GOXDCR.ReplMgr: pollEOF: About to start stdin polling
2020-06-16T21:32:39.384Z INFO GOXDCR.ReplMgr: XDCR internal settings: map[MaxCheckpointRecordsToRead:5 XmemMaxBatchSize:50 KeepAlivePeriod:30 MaxNumberOfAsyncListeners:4 CapiBatchTimeout:180 XmemBackoffWaitTime:10 ResourceManagementInterval:1000 XmemMaxIdleCountUpperBound:120 ShortHttpTimeout:20 ReplicationSpecGCCnt:4 MaxRetryForLiveUpdatePipeline:5 XmemDefaultRespTimeout:1000 ResourceManagementStatsInterval:10000 FilteringInternalXattrKey:[$%XDCRInternalMeta*%$] BypassSanInCertificateCheck:0 XmemMaxIdleCountLowerBound:10 NumberOfSlotsForBandwidthThrottling:10 RefreshRemoteClusterRefInterval:15 ResourceManagementRatioUpperBound:90 MemStatsLogInterval:120 TimeoutRuntimeContextStart:30 ThroughputThrottlerClearTokensInterval:3000 ThresholdRatioForProcessCpu:95 ReplSpecCheckInterval:15 TimeoutPartsStop:10 RetryIntervalMetakv:500 XmemMaxRetry:5 ThroughputSampleAlpha:15 ThroughputSampleSize:1028 MaxCheckpointRecordsToKeep:5 MaxRetryCapiService:5 ThresholdPercentageForEventChanSizeLogging:90 ChangesLeftThresholdForOngoingReplication:200000 XmemMaxRetryIntervalMutationLocked:30 IntervalForThrottlerCalibration:4 XmemSelfMonitorInterval:6 ThresholdForThroughSeqnoComputation:100 MaxCountNoBacklogForResetDcpPriority:300 MaxCountBacklogForSetDcpPriority:5 ThroughputThrottlerLogInterval:10000 WaitTimeBetweenMetadataChangeListeners:1000 XmemMaxRetryInterval:300 XmemMaxIdleCount:60 CapiWriteTimeout:10 MaxNumOfMetakvRetries:4 AuditReadTimeout:1 WaitTimeForLiveUpdatePipeline:2000 XmemMaxReadDownTime:60 XmemMaxRetryNewConn:10 RetryIntervalTargetStats:1000 CpuCollectionInterval:2000 XmemReadTimeout:120 XmemMaxBackoffFactor:10 XmemMaxDataChanSize:10485760 CapiMaxRetryBatchUpdateDocs:6 MaxTopologyStableCountBeforeRestart:30 ResourceManagementRatioBase:100 DefaultHttpTimeout:180 TimeoutDcpCloseUprFeed:3 CapiRetryInterval:500 UprFeedDataChanLength:20000 ThresholdRatioForTotalCpu:95 RemoteClusterAlternateAddrChangeKey:5 MaxWorkersForCheckpointing:5 TimeoutCheckpointBeforeStop:180 TimeoutRuntimeContextStop:5 MaxCountThroughputDrop:3 CapiReadTimeout:60 StatsLogInterval:30 AuditWriteTimeout:1 HELOTimeout:120 ExtraQuotaForUnderutilizedCPU:10 XmemWriteTimeout:120 MaxRetryTargetStats:6 UprFeedBufferSize:1048576 TopologyChangeCheckInterval:10 XmemMaxRetryMutationLocked:20 FilteringInternalKeyKey:[$%XDCRInternalKey*%$] CapiDataChanSizeMultiplier:1 TimeoutPartsStart:30 PercentageOfBytesToSendAsMin:30 MaxTopologyChangeCountBeforeRestart:30 TimeoutDcpCloseUprStreams:3 MaxLengthSnapshotHistory:200 MaxCountCpuNotMaxed:3 XmemBackoffTimeNewConn:1000 NumberOfSlotsForThroughputThrottling:10]
2020-06-16T21:32:39.384Z INFO GOXDCR.PipelineMgr: Pipeline Manager is constructed
2020-06-16T21:32:39.386Z INFO GOXDCR.ResourceMgr: Resource Manager is initialized
2020-06-16T21:32:39.386Z INFO GOXDCR.ResourceMgr: ResourceMgr starting ....
2020-06-16T21:32:39.386Z INFO GOXDCR.TpThrottler:  starting...
2020-06-16T21:32:39.387Z INFO GOXDCR.TpThrottler:  clearReassignedTokens starting... clearing every 3s
2020-06-16T21:32:39.388Z INFO GOXDCR.TpThrottler:  update routine starting
2020-06-16T21:32:39.388Z INFO GOXDCR.TpThrottler:  logStats started
2020-06-16T21:32:39.388Z INFO GOXDCR.ResourceMgr: collectCpuUsage starting ....

2020-06-16T21:32:39.394Z INFO GOXDCR.ResourceMgr: ResourceMgr started
2020-06-16T21:32:39.394Z INFO GOXDCR.ReplMgr: Replication manager is initialized
2020-06-16T21:32:39.394Z INFO GOXDCR.GenericSupervisor: Starting supervisor ReplicationManagerSupervisor.
2020-06-16T21:32:39.395Z INFO GOXDCR.GenericSupervisor: Started supervisor ReplicationManagerSupervisor.
2020-06-16T21:32:39.395Z INFO GOXDCR.ReplMgr: initReplications succeeded
2020-06-16T21:32:39.394Z INFO GOXDCR.ResourceMgr: manageResources starting ....

2020-06-16T21:32:39.394Z INFO GOXDCR.ResourceMgr: logStats starting ....

2020-06-16T21:32:39.398Z INFO GOXDCR.ReplMgr: upgradeRemoteClusterRefs started.
2020-06-16T21:32:39.399Z INFO GOXDCR.ReplMgr: checkReplicationStatus started.
2020-06-16T21:32:39.399Z INFO GOXDCR.ReplMgr: logMemStats started.
2020-06-16T21:32:39.399Z INFO GOXDCR.ReplMgr: upgradeRemoteClusterRefs exited
2020-06-16T21:32:39.403Z INFO GOXDCR.GlobalSettingChangeListener: Started MetakvChangeListener GlobalSettingChangeListener
2020-06-16T21:32:40.408Z INFO GOXDCR.InternalSettingChangeListener: Started MetakvChangeListener InternalSettingsChangeListener
2020-06-16T21:32:41.410Z INFO GOXDCR.RemoteClusterChangeListener: Started MetakvChangeListener RemoteClusterChangeListener
2020-06-16T21:32:42.410Z INFO GOXDCR.ReplicationSpecChangeListener: Started MetakvChangeListener ReplicationSpecChangeListener
2020-06-16T21:32:43.411Z INFO GOXDCR.AdminPort: Constructed adminport
2020-06-16T21:32:43.411Z INFO GOXDCR.ReplMgr: Admin port has been launched
2020-06-16T21:32:43.411Z INFO GOXDCR.GenericSupervisor: Adding child AdminportSupervisor to supervisor ReplicationManagerSupervisor
2020-06-16T21:32:43.411Z INFO GOXDCR.ReplMgr: ReplicationManager is running
2020-06-16T21:32:43.411Z INFO GOXDCR.HttpServer: [xdcr:127.0.0.1:9998] new http server xdcr 127.0.0.1:9998 /
2020-06-16T21:32:43.412Z INFO GOXDCR.AdminPort: http server started 127.0.0.1:9998 !
2020-06-16T21:32:43.412Z INFO GOXDCR.HttpServer: [xdcr:127.0.0.1:9998] starting ...
2020-06-16T21:32:49.397Z INFO GOXDCR.ResourceMgr: Resource Manager State = overallTP: 0 highTP: 0 highExist: false lowExist: false backlogExist: false maxTP: 0 highTPNeeded: 0 highTokens: 0 maxTokens: 0 lowTPLimit: 0 calibration: None dcpAction: Reset processCpu: 1 idleCpu: 97
2020-06-16T21:32:49.397Z INFO GOXDCR.ResourceMgr: backlogCount=0, noBacklogCount=10 extraQuota=false cpuNotMaxedCount=0 throughputDropCount=0
2020-06-16T21:32:49.397Z INFO GOXDCR.ResourceMgr: DcpPriorityMap=map[]
ongoingReplMap=map[]
2020-06-16T21:32:54.399Z INFO GOXDCR.PipelineMgr: Replication Status = map[]
2020-06-16T21:32:59.397Z INFO GOXDCR.ResourceMgr: Resource Manager State = overallTP: 0 highTP: 0 highExist: false lowExist: false backlogExist: false maxTP: 0 highTPNeeded: 0 highTokens: 0 maxTokens: 0 lowTPLimit: 0 calibration: None dcpAction: Reset processCpu: 0 idleCpu: 96
2020-06-16T21:32:59.398Z INFO GOXDCR.ResourceMgr: backlogCount=0, noBacklogCount=20 extraQuota=false cpuNotMaxedCount=0 throughputDropCount=0
2020-06-16T21:32:59.398Z INFO GOXDCR.ResourceMgr: DcpPriorityMap=map[]
ongoingReplMap=map[]
2020-06-16T21:33:09.375Z INFO GOXDCR.ResourceMgr: Resource Manager State = overallTP: 0 highTP: 0 highExist: false lowExist: false backlogExist: false maxTP: 0 highTPNeeded: 0 highTokens: 0 maxTokens: 0 lowTPLimit: 0 calibration: None dcpAction: Reset processCpu: 0 idleCpu: 97
2020-06-16T21:33:09.375Z INFO GOXDCR.ResourceMgr: backlogCount=0, noBacklogCount=29 extraQuota=false cpuNotMaxedCount=0 throughputDropCount=0
2020-06-16T21:33:09.375Z INFO GOXDCR.ResourceMgr: DcpPriorityMap=map[]
ongoingReplMap=map[]
2020-06-16T21:33:09.377Z INFO GOXDCR.PipelineMgr: Replication Status = map[]
2020-06-16T21:33:19.375Z INFO GOXDCR.ResourceMgr: Resource Manager State = overallTP: 0 highTP: 0 highExist: false lowExist: false backlogExist: false maxTP: 0 highTPNeeded: 0 highTokens: 0 maxTokens: 0 lowTPLimit: 0 calibration: None dcpAction: Reset processCpu: 0 idleCpu: 98
2020-06-16T21:33:19.375Z INFO GOXDCR.ResourceMgr: backlogCount=0, noBacklogCount=40 extraQuota=false cpuNotMaxedCount=0 throughputDropCount=0
2020-06-16T21:33:19.375Z INFO GOXDCR.ResourceMgr: DcpPriorityMap=map[]
ongoingReplMap=map[]
2020-06-16T21:33:24.377Z INFO GOXDCR.PipelineMgr: Replication Status = map[]
2020-06-16T21:33:29.375Z INFO GOXDCR.ResourceMgr: Resource Manager State = overallTP: 0 highTP: 0 highExist: false lowExist: false backlogExist: false maxTP: 0 highTPNeeded: 0 highTokens: 0 maxTokens: 0 lowTPLimit: 0 calibration: None dcpAction: Reset processCpu: 0 idleCpu: 96
2020-06-16T21:33:29.375Z INFO GOXDCR.ResourceMgr: backlogCount=0, noBacklogCount=50 extraQuota=false cpuNotMaxedCount=0 throughputDropCount=0
2020-06-16T21:33:29.375Z INFO GOXDCR.ResourceMgr: DcpPriorityMap=map[]
ongoingReplMap=map[]
2020-06-16T21:33:39.353Z INFO GOXDCR.ResourceMgr: Resource Manager State = overallTP: 0 highTP: 0 highExist: false lowExist: false backlogExist: false maxTP: 0 highTPNeeded: 0 highTokens: 0 maxTokens: 0 lowTPLimit: 0 calibration: None dcpAction: Reset processCpu: 0 idleCpu: 44
2020-06-16T21:33:39.353Z INFO GOXDCR.ResourceMgr: backlogCount=0, noBacklogCount=60 extraQuota=false cpuNotMaxedCount=0 throughputDropCount=0
2020-06-16T21:33:39.353Z INFO GOXDCR.ResourceMgr: DcpPriorityMap=map[]
ongoingReplMap=map[]
2020-06-16T21:33:39.355Z INFO GOXDCR.PipelineMgr: Replication Status = map[]
2020-06-16T21:33:49.352Z INFO GOXDCR.ResourceMgr: Resource Manager State = overallTP: 0 highTP: 0 highExist: false lowExist: false backlogExist: false maxTP: 0 highTPNeeded: 0 highTokens: 0 maxTokens: 0 lowTPLimit: 0 calibration: None dcpAction: Reset processCpu: 1 idleCpu: 4
2020-06-16T21:33:49.352Z INFO GOXDCR.ResourceMgr: backlogCount=0, noBacklogCount=70 extraQuota=false cpuNotMaxedCount=0 throughputDropCount=0
2020-06-16T21:33:49.353Z INFO GOXDCR.ResourceMgr: DcpPriorityMap=map[]
ongoingReplMap=map[]
2020-06-16T21:33:54.373Z INFO GOXDCR.PipelineMgr: Replication Status = map[]
2020-06-16T21:33:59.353Z INFO GOXDCR.ResourceMgr: Resource Manager State = overallTP: 0 highTP: 0 highExist: false lowExist: false backlogExist: false maxTP: 0 highTPNeeded: 0 highTokens: 0 maxTokens: 0 lowTPLimit: 0 calibration: None dcpAction: Reset processCpu: 2 idleCpu: 3
2020-06-16T21:33:59.353Z INFO GOXDCR.ResourceMgr: backlogCount=0, noBacklogCount=80 extraQuota=false cpuNotMaxedCount=0 throughputDropCount=0
2020-06-16T21:33:59.353Z INFO GOXDCR.ResourceMgr: DcpPriorityMap=map[]
ongoingReplMap=map[]
2020-06-16T21:34:09.330Z INFO GOXDCR.ResourceMgr: Resource Manager State = overallTP: 0 highTP: 0 highExist: false lowExist: false backlogExist: false maxTP: 0 highTPNeeded: 0 highTokens: 0 maxTokens: 0 lowTPLimit: 0 calibration: None dcpAction: Reset processCpu: 1 idleCpu: 28
2020-06-16T21:34:09.330Z INFO GOXDCR.ResourceMgr: backlogCount=0, noBacklogCount=90 extraQuota=false cpuNotMaxedCount=0 throughputDropCount=0
2020-06-16T21:34:09.330Z INFO GOXDCR.ResourceMgr: DcpPriorityMap=map[]
ongoingReplMap=map[]
2020-06-16T21:34:09.332Z INFO GOXDCR.PipelineMgr: Replication Status = map[]
2020-06-16T21:34:19.331Z INFO GOXDCR.ResourceMgr: Resource Manager State = overallTP: 0 highTP: 0 highExist: false lowExist: false backlogExist: false maxTP: 0 highTPNeeded: 0 highTokens: 0 maxTokens: 0 lowTPLimit: 0 calibration: None dcpAction: Reset processCpu: 0 idleCpu: 42
2020-06-16T21:34:19.331Z INFO GOXDCR.ResourceMgr: backlogCount=0, noBacklogCount=100 extraQuota=false cpuNotMaxedCount=0 throughputDropCount=0
2020-06-16T21:34:19.332Z INFO GOXDCR.ResourceMgr: DcpPriorityMap=map[]
ongoingReplMap=map[]
2020-06-16T21:34:24.332Z INFO GOXDCR.PipelineMgr: Replication Status = map[]
2020-06-16T21:34:29.330Z INFO GOXDCR.ResourceMgr: Resource Manager State = overallTP: 0 highTP: 0 highExist: false lowExist: false backlogExist: false maxTP: 0 highTPNeeded: 0 highTokens: 0 maxTokens: 0 lowTPLimit: 0 calibration: None dcpAction: Reset processCpu: 0 idleCpu: 64
2020-06-16T21:34:29.330Z INFO GOXDCR.ResourceMgr: backlogCount=0, noBacklogCount=110 extraQuota=false cpuNotMaxedCount=0 throughputDropCount=0
2020-06-16T21:34:29.330Z INFO GOXDCR.ResourceMgr: DcpPriorityMap=map[]
ongoingReplMap=map[]
2020-06-16T21:34:39.307Z INFO GOXDCR.ResourceMgr: Resource Manager State = overallTP: 0 highTP: 0 highExist: false lowExist: false backlogExist: false maxTP: 0 highTPNeeded: 0 highTokens: 0 maxTokens: 0 lowTPLimit: 0 calibration: None dcpAction: Reset processCpu: 0 idleCpu: 89
2020-06-16T21:34:39.307Z INFO GOXDCR.ResourceMgr: backlogCount=0, noBacklogCount=119 extraQuota=false cpuNotMaxedCount=0 throughputDropCount=0
2020-06-16T21:34:39.307Z INFO GOXDCR.ResourceMgr: DcpPriorityMap=map[]
ongoingReplMap=map[]
2020-06-16T21:34:39.310Z INFO GOXDCR.PipelineMgr: Replication Status = map[]
2020-06-16T21:34:39.311Z INFO GOXDCR.ReplMgr: Mem stats = {"Alloc":2000792,"TotalAlloc":2000792,"Sys":71629048,"Lookups":0,"Mallocs":21699,"Frees":950,"HeapAlloc":2000792,"HeapSys":66453504,"HeapIdle":63275008,"HeapInuse":3178496,"HeapReleased":0,"HeapObjects":20749,"StackInuse":655360,"StackSys":655360,"MSpanInuse":48336,"MSpanSys":49152,"MCacheInuse":3456,"MCacheSys":16384,"BuckHashSys":1443732,"GCSys":2234368,"OtherSys":776548,"NextGC":4473924,"LastGC":0,"PauseTotalNs":0,"PauseNs":[0,0,0,0,0,0,0,0,0,0,0,0,0,0,0,0,0,0,0,0,0,0,0,0,0,0,0,0,0,0,0,0,0,0,0,0,0,0,0,0,0,0,0,0,0,0,0,0,0,0,0,0,0,0,0,0,0,0,0,0,0,0,0,0,0,0,0,0,0,0,0,0,0,0,0,0,0,0,0,0,0,0,0,0,0,0,0,0,0,0,0,0,0,0,0,0,0,0,0,0,0,0,0,0,0,0,0,0,0,0,0,0,0,0,0,0,0,0,0,0,0,0,0,0,0,0,0,0,0,0,0,0,0,0,0,0,0,0,0,0,0,0,0,0,0,0,0,0,0,0,0,0,0,0,0,0,0,0,0,0,0,0,0,0,0,0,0,0,0,0,0,0,0,0,0,0,0,0,0,0,0,0,0,0,0,0,0,0,0,0,0,0,0,0,0,0,0,0,0,0,0,0,0,0,0,0,0,0,0,0,0,0,0,0,0,0,0,0,0,0,0,0,0,0,0,0,0,0,0,0,0,0,0,0,0,0,0,0,0,0,0,0,0,0,0,0,0,0,0,0,0,0,0,0,0,0],"PauseEnd":[0,0,0,0,0,0,0,0,0,0,0,0,0,0,0,0,0,0,0,0,0,0,0,0,0,0,0,0,0,0,0,0,0,0,0,0,0,0,0,0,0,0,0,0,0,0,0,0,0,0,0,0,0,0,0,0,0,0,0,0,0,0,0,0,0,0,0,0,0,0,0,0,0,0,0,0,0,0,0,0,0,0,0,0,0,0,0,0,0,0,0,0,0,0,0,0,0,0,0,0,0,0,0,0,0,0,0,0,0,0,0,0,0,0,0,0,0,0,0,0,0,0,0,0,0,0,0,0,0,0,0,0,0,0,0,0,0,0,0,0,0,0,0,0,0,0,0,0,0,0,0,0,0,0,0,0,0,0,0,0,0,0,0,0,0,0,0,0,0,0,0,0,0,0,0,0,0,0,0,0,0,0,0,0,0,0,0,0,0,0,0,0,0,0,0,0,0,0,0,0,0,0,0,0,0,0,0,0,0,0,0,0,0,0,0,0,0,0,0,0,0,0,0,0,0,0,0,0,0,0,0,0,0,0,0,0,0,0,0,0,0,0,0,0,0,0,0,0,0,0,0,0,0,0,0,0],"NumGC":0,"NumForcedGC":0,"GCCPUFraction":0,"EnableGC":true,"DebugGC":false,"BySize":[{"Size":0,"Mallocs":0,"Frees":0},{"Size":8,"Mallocs":375,"Frees":0},{"Size":16,"Mallocs":5101,"Frees":0},{"Size":32,"Mallocs":5900,"Frees":0},{"Size":48,"Mallocs":3866,"Frees":0},{"Size":64,"Mallocs":884,"Frees":0},{"Size":80,"Mallocs":706,"Frees":0},{"Size":96,"Mallocs":768,"Frees":0},{"Size":112,"Mallocs":1051,"Frees":0},{"Size":128,"Mallocs":244,"Frees":0},{"Size":144,"Mallocs":102,"Frees":0},{"Size":160,"Mallocs":130,"Frees":0},{"Size":176,"Mallocs":40,"Frees":0},{"Size":192,"Mallocs":11,"Frees":0},{"Size":208,"Mallocs":192,"Frees":0},{"Size":224,"Mallocs":143,"Frees":0},{"Size":240,"Mallocs":2,"Frees":0},{"Size":256,"Mallocs":197,"Frees":0},{"Size":288,"Mallocs":98,"Frees":0},{"Size":320,"Mallocs":54,"Frees":0},{"Size":352,"Mallocs":477,"Frees":0},{"Size":384,"Mallocs":80,"Frees":0},{"Size":416,"Mallocs":28,"Frees":0},{"Size":448,"Mallocs":2,"Frees":0},{"Size":480,"Mallocs":2,"Frees":0},{"Size":512,"Mallocs":20,"Frees":0},{"Size":576,"Mallocs":20,"Frees":0},{"Size":640,"Mallocs":23,"Frees":0},{"Size":704,"Mallocs":34,"Frees":0},{"Size":768,"Mallocs":5,"Frees":0},{"Size":896,"Mallocs":30,"Frees":0},{"Size":1024,"Mallocs":8,"Frees":0},{"Size":1152,"Mallocs":20,"Frees":0},{"Size":1280,"Mallocs":12,"Frees":0},{"Size":1408,"Mallocs":7,"Frees":0},{"Size":1536,"Mallocs":2,"Frees":0},{"Size":1792,"Mallocs":10,"Frees":0},{"Size":2048,"Mallocs":21,"Frees":0},{"Size":2304,"Mallocs":10,"Frees":0},{"Size":2688,"Mallocs":11,"Frees":0},{"Size":3072,"Mallocs":0,"Frees":0},{"Size":3200,"Mallocs":1,"Frees":0},{"Size":3456,"Mallocs":1,"Frees":0},{"Size":4096,"Mallocs":26,"Frees":0},{"Size":4864,"Mallocs":3,"Frees":0},{"Size":5376,"Mallocs":4,"Frees":0},{"Size":6144,"Mallocs":4,"Frees":0},{"Size":6528,"Mallocs":4,"Frees":0},{"Size":6784,"Mallocs":1,"Frees":0},{"Size":6912,"Mallocs":0,"Frees":0},{"Size":8192,"Mallocs":5,"Frees":0},{"Size":9472,"Mallocs":3,"Frees":0},{"Size":9728,"Mallocs":0,"Frees":0},{"Size":10240,"Mallocs":0,"Frees":0},{"Size":10880,"Mallocs":2,"Frees":0},{"Size":12288,"Mallocs":0,"Frees":0},{"Size":13568,"Mallocs":0,"Frees":0},{"Size":14336,"Mallocs":0,"Frees":0},{"Size":16384,"Mallocs":2,"Frees":0},{"Size":18432,"Mallocs":3,"Frees":0},{"Size":19072,"Mallocs":0,"Frees":0}]}
2020-06-16T21:34:49.307Z INFO GOXDCR.ResourceMgr: Resource Manager State = overallTP: 0 highTP: 0 highExist: false lowExist: false backlogExist: false maxTP: 0 highTPNeeded: 0 highTokens: 0 maxTokens: 0 lowTPLimit: 0 calibration: None dcpAction: Reset processCpu: 0 idleCpu: 83
2020-06-16T21:34:49.308Z INFO GOXDCR.ResourceMgr: backlogCount=0, noBacklogCount=130 extraQuota=false cpuNotMaxedCount=0 throughputDropCount=0
2020-06-16T21:34:49.308Z INFO GOXDCR.ResourceMgr: DcpPriorityMap=map[]
ongoingReplMap=map[]
2020-06-16T21:34:54.312Z INFO GOXDCR.PipelineMgr: Replication Status = map[]
2020-06-16T21:34:59.308Z INFO GOXDCR.ResourceMgr: Resource Manager State = overallTP: 0 highTP: 0 highExist: false lowExist: false backlogExist: false maxTP: 0 highTPNeeded: 0 highTokens: 0 maxTokens: 0 lowTPLimit: 0 calibration: None dcpAction: Reset processCpu: 1 idleCpu: 85
2020-06-16T21:34:59.308Z INFO GOXDCR.ResourceMgr: backlogCount=0, noBacklogCount=140 extraQuota=false cpuNotMaxedCount=0 throughputDropCount=0
2020-06-16T21:34:59.308Z INFO GOXDCR.ResourceMgr: DcpPriorityMap=map[]
ongoingReplMap=map[]
2020-06-16T21:35:09.285Z INFO GOXDCR.ResourceMgr: Resource Manager State = overallTP: 0 highTP: 0 highExist: false lowExist: false backlogExist: false maxTP: 0 highTPNeeded: 0 highTokens: 0 maxTokens: 0 lowTPLimit: 0 calibration: None dcpAction: Reset processCpu: 0 idleCpu: 71
2020-06-16T21:35:09.285Z INFO GOXDCR.ResourceMgr: backlogCount=0, noBacklogCount=149 extraQuota=false cpuNotMaxedCount=0 throughputDropCount=0
2020-06-16T21:35:09.285Z INFO GOXDCR.ResourceMgr: DcpPriorityMap=map[]
ongoingReplMap=map[]
2020-06-16T21:35:09.288Z INFO GOXDCR.PipelineMgr: Replication Status = map[]
2020-06-16T21:35:19.285Z INFO GOXDCR.ResourceMgr: Resource Manager State = overallTP: 0 highTP: 0 highExist: false lowExist: false backlogExist: false maxTP: 0 highTPNeeded: 0 highTokens: 0 maxTokens: 0 lowTPLimit: 0 calibration: None dcpAction: Reset processCpu: 0 idleCpu: 78
2020-06-16T21:35:19.285Z INFO GOXDCR.ResourceMgr: backlogCount=0, noBacklogCount=160 extraQuota=false cpuNotMaxedCount=0 throughputDropCount=0
2020-06-16T21:35:19.285Z INFO GOXDCR.ResourceMgr: DcpPriorityMap=map[]
ongoingReplMap=map[]
2020-06-16T21:35:24.287Z INFO GOXDCR.PipelineMgr: Replication Status = map[]
2020-06-16T21:35:29.287Z INFO GOXDCR.ResourceMgr: Resource Manager State = overallTP: 0 highTP: 0 highExist: false lowExist: false backlogExist: false maxTP: 0 highTPNeeded: 0 highTokens: 0 maxTokens: 0 lowTPLimit: 0 calibration: None dcpAction: Reset processCpu: 0 idleCpu: 79
2020-06-16T21:35:29.287Z INFO GOXDCR.ResourceMgr: backlogCount=0, noBacklogCount=170 extraQuota=false cpuNotMaxedCount=0 throughputDropCount=0
2020-06-16T21:35:29.287Z INFO GOXDCR.ResourceMgr: DcpPriorityMap=map[]
ongoingReplMap=map[]
2020-06-16T21:35:39.263Z INFO GOXDCR.ResourceMgr: Resource Manager State = overallTP: 0 highTP: 0 highExist: false lowExist: false backlogExist: false maxTP: 0 highTPNeeded: 0 highTokens: 0 maxTokens: 0 lowTPLimit: 0 calibration: None dcpAction: Reset processCpu: 0 idleCpu: 77
2020-06-16T21:35:39.263Z INFO GOXDCR.ResourceMgr: backlogCount=0, noBacklogCount=180 extraQuota=false cpuNotMaxedCount=0 throughputDropCount=0
2020-06-16T21:35:39.263Z INFO GOXDCR.ResourceMgr: DcpPriorityMap=map[]
ongoingReplMap=map[]
2020-06-16T21:35:39.265Z INFO GOXDCR.PipelineMgr: Replication Status = map[]
2020-06-16T21:35:49.263Z INFO GOXDCR.ResourceMgr: Resource Manager State = overallTP: 0 highTP: 0 highExist: false lowExist: false backlogExist: false maxTP: 0 highTPNeeded: 0 highTokens: 0 maxTokens: 0 lowTPLimit: 0 calibration: None dcpAction: Reset processCpu: 0 idleCpu: 90
2020-06-16T21:35:49.264Z INFO GOXDCR.ResourceMgr: backlogCount=0, noBacklogCount=189 extraQuota=false cpuNotMaxedCount=0 throughputDropCount=0
2020-06-16T21:35:49.264Z INFO GOXDCR.ResourceMgr: DcpPriorityMap=map[]
ongoingReplMap=map[]
2020-06-16T21:35:54.265Z INFO GOXDCR.PipelineMgr: Replication Status = map[]
2020-06-16T21:35:59.264Z INFO GOXDCR.ResourceMgr: Resource Manager State = overallTP: 0 highTP: 0 highExist: false lowExist: false backlogExist: false maxTP: 0 highTPNeeded: 0 highTokens: 0 maxTokens: 0 lowTPLimit: 0 calibration: None dcpAction: Reset processCpu: 0 idleCpu: 18
2020-06-16T21:35:59.265Z INFO GOXDCR.ResourceMgr: backlogCount=0, noBacklogCount=200 extraQuota=false cpuNotMaxedCount=0 throughputDropCount=0
2020-06-16T21:35:59.265Z INFO GOXDCR.ResourceMgr: DcpPriorityMap=map[]
ongoingReplMap=map[]
2020-06-16T21:36:09.240Z INFO GOXDCR.ResourceMgr: Resource Manager State = overallTP: 0 highTP: 0 highExist: false lowExist: false backlogExist: false maxTP: 0 highTPNeeded: 0 highTokens: 0 maxTokens: 0 lowTPLimit: 0 calibration: None dcpAction: Reset processCpu: 0 idleCpu: 61
2020-06-16T21:36:09.240Z INFO GOXDCR.ResourceMgr: backlogCount=0, noBacklogCount=210 extraQuota=false cpuNotMaxedCount=0 throughputDropCount=0
2020-06-16T21:36:09.240Z INFO GOXDCR.ResourceMgr: DcpPriorityMap=map[]
ongoingReplMap=map[]
2020-06-16T21:36:09.242Z INFO GOXDCR.PipelineMgr: Replication Status = map[]
2020-06-16T21:36:19.245Z INFO GOXDCR.ResourceMgr: Resource Manager State = overallTP: 0 highTP: 0 highExist: false lowExist: false backlogExist: false maxTP: 0 highTPNeeded: 0 highTokens: 0 maxTokens: 0 lowTPLimit: 0 calibration: None dcpAction: Reset processCpu: 0 idleCpu: 76
2020-06-16T21:36:19.245Z INFO GOXDCR.ResourceMgr: backlogCount=0, noBacklogCount=219 extraQuota=false cpuNotMaxedCount=0 throughputDropCount=0
2020-06-16T21:36:19.245Z INFO GOXDCR.ResourceMgr: DcpPriorityMap=map[]
ongoingReplMap=map[]
2020-06-16T21:36:24.242Z INFO GOXDCR.PipelineMgr: Replication Status = map[]
2020-06-16T21:36:29.240Z INFO GOXDCR.ResourceMgr: Resource Manager State = overallTP: 0 highTP: 0 highExist: false lowExist: false backlogExist: false maxTP: 0 highTPNeeded: 0 highTokens: 0 maxTokens: 0 lowTPLimit: 0 calibration: None dcpAction: Reset processCpu: 0 idleCpu: 86
2020-06-16T21:36:29.240Z INFO GOXDCR.ResourceMgr: backlogCount=0, noBacklogCount=230 extraQuota=false cpuNotMaxedCount=0 throughputDropCount=0
2020-06-16T21:36:29.240Z INFO GOXDCR.ResourceMgr: DcpPriorityMap=map[]
ongoingReplMap=map[]
2020-06-16T21:36:39.225Z INFO GOXDCR.ReplMgr: Mem stats = {"Alloc":2880192,"TotalAlloc":2880192,"Sys":71629048,"Lookups":0,"Mallocs":34482,"Frees":1445,"HeapAlloc":2880192,"HeapSys":66420736,"HeapIdle":62349312,"HeapInuse":4071424,"HeapReleased":0,"HeapObjects":33037,"StackInuse":688128,"StackSys":688128,"MSpanInuse":64904,"MSpanSys":65536,"MCacheInuse":3456,"MCacheSys":16384,"BuckHashSys":1443940,"GCSys":2234368,"OtherSys":759956,"NextGC":4473924,"LastGC":0,"PauseTotalNs":0,"PauseNs":[0,0,0,0,0,0,0,0,0,0,0,0,0,0,0,0,0,0,0,0,0,0,0,0,0,0,0,0,0,0,0,0,0,0,0,0,0,0,0,0,0,0,0,0,0,0,0,0,0,0,0,0,0,0,0,0,0,0,0,0,0,0,0,0,0,0,0,0,0,0,0,0,0,0,0,0,0,0,0,0,0,0,0,0,0,0,0,0,0,0,0,0,0,0,0,0,0,0,0,0,0,0,0,0,0,0,0,0,0,0,0,0,0,0,0,0,0,0,0,0,0,0,0,0,0,0,0,0,0,0,0,0,0,0,0,0,0,0,0,0,0,0,0,0,0,0,0,0,0,0,0,0,0,0,0,0,0,0,0,0,0,0,0,0,0,0,0,0,0,0,0,0,0,0,0,0,0,0,0,0,0,0,0,0,0,0,0,0,0,0,0,0,0,0,0,0,0,0,0,0,0,0,0,0,0,0,0,0,0,0,0,0,0,0,0,0,0,0,0,0,0,0,0,0,0,0,0,0,0,0,0,0,0,0,0,0,0,0,0,0,0,0,0,0,0,0,0,0,0,0,0,0,0,0,0,0],"PauseEnd":[0,0,0,0,0,0,0,0,0,0,0,0,0,0,0,0,0,0,0,0,0,0,0,0,0,0,0,0,0,0,0,0,0,0,0,0,0,0,0,0,0,0,0,0,0,0,0,0,0,0,0,0,0,0,0,0,0,0,0,0,0,0,0,0,0,0,0,0,0,0,0,0,0,0,0,0,0,0,0,0,0,0,0,0,0,0,0,0,0,0,0,0,0,0,0,0,0,0,0,0,0,0,0,0,0,0,0,0,0,0,0,0,0,0,0,0,0,0,0,0,0,0,0,0,0,0,0,0,0,0,0,0,0,0,0,0,0,0,0,0,0,0,0,0,0,0,0,0,0,0,0,0,0,0,0,0,0,0,0,0,0,0,0,0,0,0,0,0,0,0,0,0,0,0,0,0,0,0,0,0,0,0,0,0,0,0,0,0,0,0,0,0,0,0,0,0,0,0,0,0,0,0,0,0,0,0,0,0,0,0,0,0,0,0,0,0,0,0,0,0,0,0,0,0,0,0,0,0,0,0,0,0,0,0,0,0,0,0,0,0,0,0,0,0,0,0,0,0,0,0,0,0,0,0,0,0],"NumGC":0,"NumForcedGC":0,"GCCPUFraction":0,"EnableGC":true,"DebugGC":false,"BySize":[{"Size":0,"Mallocs":0,"Frees":0},{"Size":8,"Mallocs":404,"Frees":0},{"Size":16,"Mallocs":8756,"Frees":0},{"Size":32,"Mallocs":7133,"Frees":0},{"Size":48,"Mallocs":7944,"Frees":0},{"Size":64,"Mallocs":1530,"Frees":0},{"Size":80,"Mallocs":1069,"Frees":0},{"Size":96,"Mallocs":1287,"Frees":0},{"Size":112,"Mallocs":1426,"Frees":0},{"Size":128,"Mallocs":446,"Frees":0},{"Size":144,"Mallocs":138,"Frees":0},{"Size":160,"Mallocs":132,"Frees":0},{"Size":176,"Mallocs":41,"Frees":0},{"Size":192,"Mallocs":12,"Frees":0},{"Size":208,"Mallocs":284,"Frees":0},{"Size":224,"Mallocs":341,"Frees":0},{"Size":240,"Mallocs":2,"Frees":0},{"Size":256,"Mallocs":397,"Frees":0},{"Size":288,"Mallocs":111,"Frees":0},{"Size":320,"Mallocs":66,"Frees":0},{"Size":352,"Mallocs":1073,"Frees":0},{"Size":384,"Mallocs":93,"Frees":0},{"Size":416,"Mallocs":31,"Frees":0},{"Size":448,"Mallocs":2,"Frees":0},{"Size":480,"Mallocs":2,"Frees":0},{"Size":512,"Mallocs":21,"Frees":0},{"Size":576,"Mallocs":21,"Frees":0},{"Size":640,"Mallocs":23,"Frees":0},{"Size":704,"Mallocs":35,"Frees":0},{"Size":768,"Mallocs":5,"Frees":0},{"Size":896,"Mallocs":34,"Frees":0},{"Size":1024,"Mallocs":9,"Frees":0},{"Size":1152,"Mallocs":21,"Frees":0},{"Size":1280,"Mallocs":12,"Frees":0},{"Size":1408,"Mallocs":8,"Frees":0},{"Size":1536,"Mallocs":2,"Frees":0},{"Size":1792,"Mallocs":11,"Frees":0},{"Size":2048,"Mallocs":21,"Frees":0},{"Size":2304,"Mallocs":11,"Frees":0},{"Size":2688,"Mallocs":11,"Frees":0},{"Size":3072,"Mallocs":0,"Frees":0},{"Size":3200,"Mallocs":1,"Frees":0},{"Size":3456,"Mallocs":1,"Frees":0},{"Size":4096,"Mallocs":32,"Frees":0},{"Size":4864,"Mallocs":4,"Frees":0},{"Size":5376,"Mallocs":6,"Frees":0},{"Size":6144,"Mallocs":4,"Frees":0},{"Size":6528,"Mallocs":4,"Frees":0},{"Size":6784,"Mallocs":1,"Frees":0},{"Size":6912,"Mallocs":0,"Frees":0},{"Size":8192,"Mallocs":5,"Frees":0},{"Size":9472,"Mallocs":3,"Frees":0},{"Size":9728,"Mallocs":0,"Frees":0},{"Size":10240,"Mallocs":0,"Frees":0},{"Size":10880,"Mallocs":2,"Frees":0},{"Size":12288,"Mallocs":0,"Frees":0},{"Size":13568,"Mallocs":0,"Frees":0},{"Size":14336,"Mallocs":0,"Frees":0},{"Size":16384,"Mallocs":2,"Frees":0},{"Size":18432,"Mallocs":3,"Frees":0},{"Size":19072,"Mallocs":0,"Frees":0}]}
2020-06-16T21:36:39.225Z INFO GOXDCR.ResourceMgr: Resource Manager State = overallTP: 0 highTP: 0 highExist: false lowExist: false backlogExist: false maxTP: 0 highTPNeeded: 0 highTokens: 0 maxTokens: 0 lowTPLimit: 0 calibration: None dcpAction: Reset processCpu: 0 idleCpu: 73
2020-06-16T21:36:39.225Z INFO GOXDCR.ResourceMgr: backlogCount=0, noBacklogCount=240 extraQuota=false cpuNotMaxedCount=0 throughputDropCount=0
2020-06-16T21:36:39.225Z INFO GOXDCR.ResourceMgr: DcpPriorityMap=map[]
ongoingReplMap=map[]
2020-06-16T21:36:39.225Z INFO GOXDCR.PipelineMgr: Replication Status = map[]
2020-06-16T21:36:49.218Z INFO GOXDCR.ResourceMgr: Resource Manager State = overallTP: 0 highTP: 0 highExist: false lowExist: false backlogExist: false maxTP: 0 highTPNeeded: 0 highTokens: 0 maxTokens: 0 lowTPLimit: 0 calibration: None dcpAction: Reset processCpu: 0 idleCpu: 63
2020-06-16T21:36:49.218Z INFO GOXDCR.ResourceMgr: backlogCount=0, noBacklogCount=249 extraQuota=false cpuNotMaxedCount=0 throughputDropCount=0
2020-06-16T21:36:49.218Z INFO GOXDCR.ResourceMgr: DcpPriorityMap=map[]
ongoingReplMap=map[]
2020-06-16T21:36:54.220Z INFO GOXDCR.PipelineMgr: Replication Status = map[]
2020-06-16T21:36:59.218Z INFO GOXDCR.ResourceMgr: Resource Manager State = overallTP: 0 highTP: 0 highExist: false lowExist: false backlogExist: false maxTP: 0 highTPNeeded: 0 highTokens: 0 maxTokens: 0 lowTPLimit: 0 calibration: None dcpAction: Reset processCpu: 0 idleCpu: 75
2020-06-16T21:36:59.218Z INFO GOXDCR.ResourceMgr: backlogCount=0, noBacklogCount=260 extraQuota=false cpuNotMaxedCount=0 throughputDropCount=0
2020-06-16T21:36:59.218Z INFO GOXDCR.ResourceMgr: DcpPriorityMap=map[]
ongoingReplMap=map[]
2020-06-16T21:37:09.196Z INFO GOXDCR.ResourceMgr: Resource Manager State = overallTP: 0 highTP: 0 highExist: false lowExist: false backlogExist: false maxTP: 0 highTPNeeded: 0 highTokens: 0 maxTokens: 0 lowTPLimit: 0 calibration: None dcpAction: Reset processCpu: 1 idleCpu: 62
2020-06-16T21:37:09.196Z INFO GOXDCR.ResourceMgr: backlogCount=0, noBacklogCount=269 extraQuota=false cpuNotMaxedCount=0 throughputDropCount=0
2020-06-16T21:37:09.197Z INFO GOXDCR.ResourceMgr: DcpPriorityMap=map[]
ongoingReplMap=map[]
2020-06-16T21:37:09.198Z INFO GOXDCR.PipelineMgr: Replication Status = map[]
2020-06-16T21:37:19.196Z INFO GOXDCR.ResourceMgr: Resource Manager State = overallTP: 0 highTP: 0 highExist: false lowExist: false backlogExist: false maxTP: 0 highTPNeeded: 0 highTokens: 0 maxTokens: 0 lowTPLimit: 0 calibration: None dcpAction: Reset processCpu: 1 idleCpu: 64
2020-06-16T21:37:19.196Z INFO GOXDCR.ResourceMgr: backlogCount=0, noBacklogCount=280 extraQuota=false cpuNotMaxedCount=0 throughputDropCount=0
2020-06-16T21:37:19.196Z INFO GOXDCR.ResourceMgr: DcpPriorityMap=map[]
ongoingReplMap=map[]
2020-06-16T21:37:24.198Z INFO GOXDCR.PipelineMgr: Replication Status = map[]
2020-06-16T21:37:29.196Z INFO GOXDCR.ResourceMgr: Resource Manager State = overallTP: 0 highTP: 0 highExist: false lowExist: false backlogExist: false maxTP: 0 highTPNeeded: 0 highTokens: 0 maxTokens: 0 lowTPLimit: 0 calibration: None dcpAction: Reset processCpu: 7 idleCpu: 60
2020-06-16T21:37:29.196Z INFO GOXDCR.ResourceMgr: backlogCount=0, noBacklogCount=290 extraQuota=false cpuNotMaxedCount=0 throughputDropCount=0
2020-06-16T21:37:29.196Z INFO GOXDCR.ResourceMgr: DcpPriorityMap=map[]
ongoingReplMap=map[]
2020-06-16T21:37:39.173Z INFO GOXDCR.ResourceMgr: Resource Manager State = overallTP: 0 highTP: 0 highExist: false lowExist: false backlogExist: false maxTP: 0 highTPNeeded: 0 highTokens: 0 maxTokens: 0 lowTPLimit: 0 calibration: None dcpAction: Reset processCpu: 0 idleCpu: 72
2020-06-16T21:37:39.173Z INFO GOXDCR.ResourceMgr: backlogCount=0, noBacklogCount=299 extraQuota=false cpuNotMaxedCount=0 throughputDropCount=0
2020-06-16T21:37:39.173Z INFO GOXDCR.ResourceMgr: DcpPriorityMap=map[]
ongoingReplMap=map[]
2020-06-16T21:37:39.175Z INFO GOXDCR.PipelineMgr: Replication Status = map[]
2020-06-16T21:37:49.173Z INFO GOXDCR.ResourceMgr: Resource Manager State = overallTP: 0 highTP: 0 highExist: false lowExist: false backlogExist: false maxTP: 0 highTPNeeded: 0 highTokens: 0 maxTokens: 0 lowTPLimit: 0 calibration: None dcpAction: Reset processCpu: 0 idleCpu: 82
2020-06-16T21:37:49.173Z INFO GOXDCR.ResourceMgr: backlogCount=0, noBacklogCount=310 extraQuota=false cpuNotMaxedCount=0 throughputDropCount=0
2020-06-16T21:37:49.173Z INFO GOXDCR.ResourceMgr: DcpPriorityMap=map[]
ongoingReplMap=map[]
2020-06-16T21:37:54.175Z INFO GOXDCR.PipelineMgr: Replication Status = map[]
2020-06-16T21:37:59.173Z INFO GOXDCR.ResourceMgr: Resource Manager State = overallTP: 0 highTP: 0 highExist: false lowExist: false backlogExist: false maxTP: 0 highTPNeeded: 0 highTokens: 0 maxTokens: 0 lowTPLimit: 0 calibration: None dcpAction: Reset processCpu: 0 idleCpu: 82
2020-06-16T21:37:59.175Z INFO GOXDCR.ResourceMgr: backlogCount=0, noBacklogCount=320 extraQuota=false cpuNotMaxedCount=0 throughputDropCount=0
2020-06-16T21:37:59.175Z INFO GOXDCR.ResourceMgr: DcpPriorityMap=map[]
ongoingReplMap=map[]
2020-06-16T21:38:09.151Z INFO GOXDCR.ResourceMgr: Resource Manager State = overallTP: 0 highTP: 0 highExist: false lowExist: false backlogExist: false maxTP: 0 highTPNeeded: 0 highTokens: 0 maxTokens: 0 lowTPLimit: 0 calibration: None dcpAction: Reset processCpu: 0 idleCpu: 79
2020-06-16T21:38:09.151Z INFO GOXDCR.ResourceMgr: backlogCount=0, noBacklogCount=330 extraQuota=false cpuNotMaxedCount=0 throughputDropCount=0
2020-06-16T21:38:09.151Z INFO GOXDCR.ResourceMgr: DcpPriorityMap=map[]
ongoingReplMap=map[]
2020-06-16T21:38:09.153Z INFO GOXDCR.PipelineMgr: Replication Status = map[]
2020-06-16T21:38:19.151Z INFO GOXDCR.ResourceMgr: Resource Manager State = overallTP: 0 highTP: 0 highExist: false lowExist: false backlogExist: false maxTP: 0 highTPNeeded: 0 highTokens: 0 maxTokens: 0 lowTPLimit: 0 calibration: None dcpAction: Reset processCpu: 0 idleCpu: 72
2020-06-16T21:38:19.151Z INFO GOXDCR.ResourceMgr: backlogCount=0, noBacklogCount=340 extraQuota=false cpuNotMaxedCount=0 throughputDropCount=0
2020-06-16T21:38:19.151Z INFO GOXDCR.ResourceMgr: DcpPriorityMap=map[]
ongoingReplMap=map[]
2020-06-16T21:38:24.153Z INFO GOXDCR.PipelineMgr: Replication Status = map[]
2020-06-16T21:38:29.151Z INFO GOXDCR.ResourceMgr: Resource Manager State = overallTP: 0 highTP: 0 highExist: false lowExist: false backlogExist: false maxTP: 0 highTPNeeded: 0 highTokens: 0 maxTokens: 0 lowTPLimit: 0 calibration: None dcpAction: Reset processCpu: 0 idleCpu: 82
2020-06-16T21:38:29.151Z INFO GOXDCR.ResourceMgr: backlogCount=0, noBacklogCount=349 extraQuota=false cpuNotMaxedCount=0 throughputDropCount=0
2020-06-16T21:38:29.151Z INFO GOXDCR.ResourceMgr: DcpPriorityMap=map[]
ongoingReplMap=map[]
2020-06-16T21:38:39.128Z INFO GOXDCR.ResourceMgr: Resource Manager State = overallTP: 0 highTP: 0 highExist: false lowExist: false backlogExist: false maxTP: 0 highTPNeeded: 0 highTokens: 0 maxTokens: 0 lowTPLimit: 0 calibration: None dcpAction: Reset processCpu: 0 idleCpu: 86
2020-06-16T21:38:39.129Z INFO GOXDCR.ResourceMgr: backlogCount=0, noBacklogCount=360 extraQuota=false cpuNotMaxedCount=0 throughputDropCount=0
2020-06-16T21:38:39.129Z INFO GOXDCR.ResourceMgr: DcpPriorityMap=map[]
ongoingReplMap=map[]
2020-06-16T21:38:39.130Z INFO GOXDCR.PipelineMgr: Replication Status = map[]
2020-06-16T21:38:39.131Z INFO GOXDCR.ReplMgr: Mem stats = {"Alloc":3689232,"TotalAlloc":3689232,"Sys":71629048,"Lookups":0,"Mallocs":46684,"Frees":1860,"HeapAlloc":3689232,"HeapSys":66420736,"HeapIdle":61587456,"HeapInuse":4833280,"HeapReleased":0,"HeapObjects":44824,"StackInuse":688128,"StackSys":688128,"MSpanInuse":78888,"MSpanSys":81920,"MCacheInuse":3456,"MCacheSys":16384,"BuckHashSys":1443940,"GCSys":2234368,"OtherSys":743572,"NextGC":4473924,"LastGC":0,"PauseTotalNs":0,"PauseNs":[0,0,0,0,0,0,0,0,0,0,0,0,0,0,0,0,0,0,0,0,0,0,0,0,0,0,0,0,0,0,0,0,0,0,0,0,0,0,0,0,0,0,0,0,0,0,0,0,0,0,0,0,0,0,0,0,0,0,0,0,0,0,0,0,0,0,0,0,0,0,0,0,0,0,0,0,0,0,0,0,0,0,0,0,0,0,0,0,0,0,0,0,0,0,0,0,0,0,0,0,0,0,0,0,0,0,0,0,0,0,0,0,0,0,0,0,0,0,0,0,0,0,0,0,0,0,0,0,0,0,0,0,0,0,0,0,0,0,0,0,0,0,0,0,0,0,0,0,0,0,0,0,0,0,0,0,0,0,0,0,0,0,0,0,0,0,0,0,0,0,0,0,0,0,0,0,0,0,0,0,0,0,0,0,0,0,0,0,0,0,0,0,0,0,0,0,0,0,0,0,0,0,0,0,0,0,0,0,0,0,0,0,0,0,0,0,0,0,0,0,0,0,0,0,0,0,0,0,0,0,0,0,0,0,0,0,0,0,0,0,0,0,0,0,0,0,0,0,0,0,0,0,0,0,0,0],"PauseEnd":[0,0,0,0,0,0,0,0,0,0,0,0,0,0,0,0,0,0,0,0,0,0,0,0,0,0,0,0,0,0,0,0,0,0,0,0,0,0,0,0,0,0,0,0,0,0,0,0,0,0,0,0,0,0,0,0,0,0,0,0,0,0,0,0,0,0,0,0,0,0,0,0,0,0,0,0,0,0,0,0,0,0,0,0,0,0,0,0,0,0,0,0,0,0,0,0,0,0,0,0,0,0,0,0,0,0,0,0,0,0,0,0,0,0,0,0,0,0,0,0,0,0,0,0,0,0,0,0,0,0,0,0,0,0,0,0,0,0,0,0,0,0,0,0,0,0,0,0,0,0,0,0,0,0,0,0,0,0,0,0,0,0,0,0,0,0,0,0,0,0,0,0,0,0,0,0,0,0,0,0,0,0,0,0,0,0,0,0,0,0,0,0,0,0,0,0,0,0,0,0,0,0,0,0,0,0,0,0,0,0,0,0,0,0,0,0,0,0,0,0,0,0,0,0,0,0,0,0,0,0,0,0,0,0,0,0,0,0,0,0,0,0,0,0,0,0,0,0,0,0,0,0,0,0,0,0],"NumGC":0,"NumForcedGC":0,"GCCPUFraction":0,"EnableGC":true,"DebugGC":false,"BySize":[{"Size":0,"Mallocs":0,"Frees":0},{"Size":8,"Mallocs":404,"Frees":0},{"Size":16,"Mallocs":12182,"Frees":0},{"Size":32,"Mallocs":8315,"Frees":0},{"Size":48,"Mallocs":11939,"Frees":0},{"Size":64,"Mallocs":2155,"Frees":0},{"Size":80,"Mallocs":1434,"Frees":0},{"Size":96,"Mallocs":1791,"Frees":0},{"Size":112,"Mallocs":1801,"Frees":0},{"Size":128,"Mallocs":638,"Frees":0},{"Size":144,"Mallocs":177,"Frees":0},{"Size":160,"Mallocs":132,"Frees":0},{"Size":176,"Mallocs":41,"Frees":0},{"Size":192,"Mallocs":12,"Frees":0},{"Size":208,"Mallocs":379,"Frees":0},{"Size":224,"Mallocs":533,"Frees":0},{"Size":240,"Mallocs":2,"Frees":0},{"Size":256,"Mallocs":589,"Frees":0},{"Size":288,"Mallocs":124,"Frees":0},{"Size":320,"Mallocs":79,"Frees":0},{"Size":352,"Mallocs":1649,"Frees":0},{"Size":384,"Mallocs":93,"Frees":0},{"Size":416,"Mallocs":31,"Frees":0},{"Size":448,"Mallocs":2,"Frees":0},{"Size":480,"Mallocs":2,"Frees":0},{"Size":512,"Mallocs":21,"Frees":0},{"Size":576,"Mallocs":21,"Frees":0},{"Size":640,"Mallocs":23,"Frees":0},{"Size":704,"Mallocs":35,"Frees":0},{"Size":768,"Mallocs":5,"Frees":0},{"Size":896,"Mallocs":34,"Frees":0},{"Size":1024,"Mallocs":9,"Frees":0},{"Size":1152,"Mallocs":21,"Frees":0},{"Size":1280,"Mallocs":12,"Frees":0},{"Size":1408,"Mallocs":8,"Frees":0},{"Size":1536,"Mallocs":2,"Frees":0},{"Size":1792,"Mallocs":11,"Frees":0},{"Size":2048,"Mallocs":21,"Frees":0},{"Size":2304,"Mallocs":11,"Frees":0},{"Size":2688,"Mallocs":11,"Frees":0},{"Size":3072,"Mallocs":0,"Frees":0},{"Size":3200,"Mallocs":1,"Frees":0},{"Size":3456,"Mallocs":1,"Frees":0},{"Size":4096,"Mallocs":35,"Frees":0},{"Size":4864,"Mallocs":4,"Frees":0},{"Size":5376,"Mallocs":6,"Frees":0},{"Size":6144,"Mallocs":4,"Frees":0},{"Size":6528,"Mallocs":4,"Frees":0},{"Size":6784,"Mallocs":1,"Frees":0},{"Size":6912,"Mallocs":0,"Frees":0},{"Size":8192,"Mallocs":5,"Frees":0},{"Size":9472,"Mallocs":3,"Frees":0},{"Size":9728,"Mallocs":0,"Frees":0},{"Size":10240,"Mallocs":0,"Frees":0},{"Size":10880,"Mallocs":2,"Frees":0},{"Size":12288,"Mallocs":0,"Frees":0},{"Size":13568,"Mallocs":0,"Frees":0},{"Size":14336,"Mallocs":0,"Frees":0},{"Size":16384,"Mallocs":2,"Frees":0},{"Size":18432,"Mallocs":3,"Frees":0},{"Size":19072,"Mallocs":0,"Frees":0}]}
2020-06-16T21:38:49.129Z INFO GOXDCR.ResourceMgr: Resource Manager State = overallTP: 0 highTP: 0 highExist: false lowExist: false backlogExist: false maxTP: 0 highTPNeeded: 0 highTokens: 0 maxTokens: 0 lowTPLimit: 0 calibration: None dcpAction: Reset processCpu: 0 idleCpu: 70
2020-06-16T21:38:49.129Z INFO GOXDCR.ResourceMgr: backlogCount=0, noBacklogCount=369 extraQuota=false cpuNotMaxedCount=0 throughputDropCount=0
2020-06-16T21:38:49.129Z INFO GOXDCR.ResourceMgr: DcpPriorityMap=map[]
ongoingReplMap=map[]
2020-06-16T21:38:54.131Z INFO GOXDCR.PipelineMgr: Replication Status = map[]
