2020/06/16 21:33:36 cbauth: key: fts/remoteClients registered for tls config updates
_time=2020-06-16T21:33:36.485+00:00 _level=INFO _msg= Initialization of cbauth succeeded  
_time=2020-06-16T21:33:36.493+00:00 _level=INFO _msg=New store created with url http://127.0.0.1:8091 
_time=2020-06-16T21:33:36.493+00:00 _level=INFO _msg=pollEOF: About to start stdin polling 
_time=2020-06-16T21:33:36.509+00:00 _level=INFO _msg=Unable to initialize dictionary cache monitor Cound not access dictionary cache change counter due to <nil> 
_time=2020-06-16T21:33:36.523+00:00 _level=INFO _msg=New settings received: {"timeout":0,"n1ql-feat-ctrl":12,"max-parallelism":1,"query.settings.curl_whitelist":{"all_access":false,"allowed_urls":[],"disallowed_urls":[]},"query.settings.tmp_space_dir":"/opt/couchbase/var/lib/couchbase/tmp","completed-limit":4000,"prepared-limit":16384,"pipeline-batch":16,"pipeline-cap":512,"scan-cap":512,"loglevel":"info","completed-threshold":1000,"query.settings.tmp_space_size":5120} 
_time=2020-06-16T21:33:36.523+00:00 _level=INFO _msg=Settings notifier from metakv 
_time=2020-06-16T21:33:36.523+00:00 _level=INFO _msg=New Value for curl whitelist <ud>map[disallowed_urls:[] all_access:false allowed_urls:[]]</ud> 
2020-06-16T21:33:36.592+00:00 [INFO] Using plain authentication for user <ud>@cbq-engine</ud> 
2020-06-16T21:33:36.593+00:00 [INFO] Using plain authentication for user <ud>@cbq-engine</ud> 
2020-06-16T21:33:36.598+00:00 [INFO] Using plain authentication for user <ud>@cbq-engine</ud> 
2020-06-16T21:33:36.607+00:00 [INFO] Using plain authentication for user <ud>@cbq-engine</ud> 
2020-06-16T21:33:36.612+00:00 [INFO] Using plain authentication for user <ud>@cbq-engine</ud> 
2020/06/16 21:33:36 audit: created new audit service
2020-06-16T21:33:36.640+00:00 [Info] GSIC - Setting config map[query_tmpspace_dir:/opt/couchbase/var/lib/couchbase/tmp query_tmpspace_limit:5120]
_time=2020-06-16T21:33:36.640+00:00 _level=INFO _msg= GSI indexer settings have been updated map[query_tmpspace_dir:/opt/couchbase/var/lib/couchbase/tmp query_tmpspace_limit:5120] 
_time=2020-06-16T21:33:36.642+00:00 _level=INFO _msg=cbq-engine started max-index-api=4 datastore=http://127.0.0.1:8091 scan-cap=512 plus-servicers=32 request-cap=256 n1ql_feat_cntrl=12 version=6.5.0-N1QL servicers=8 request-size-cap=67108864 max-parallelism=1 pipeline-cap=512 pipeline-batch=16 timeout=0s max-concurrency=2 loglevel=INFO 
_time=2020-06-16T21:33:36.644+00:00 _level=INFO _msg=Starting audit worker 1 
_time=2020-06-16T21:33:36.644+00:00 _level=INFO _msg=Starting audit worker 2 
_time=2020-06-16T21:33:36.645+00:00 _level=INFO _msg=Starting audit settings worker 1. 
_time=2020-06-16T21:33:36.645+00:00 _level=INFO _msg= Certificates have been refreshed by ns server  
_time=2020-06-16T21:33:36.648+00:00 _level=INFO _msg= n1fty indexer settings have been updated map[query_tmpspace_dir:/opt/couchbase/var/lib/couchbase/tmp query_tmpspace_limit:5120] 
_time=2020-06-16T21:33:36.648+00:00 _level=INFO _msg=Query Configuration changed for prepared-limit. New value is 16384 
_time=2020-06-16T21:33:36.648+00:00 _level=INFO _msg=Query Configuration changed for pipeline-batch. New value is 16 
_time=2020-06-16T21:33:36.648+00:00 _level=INFO _msg=Query Configuration changed for timeout. New value is 0 
_time=2020-06-16T21:33:36.648+00:00 _level=INFO _msg=Query Configuration changed for max-parallelism. New value is 1 
_time=2020-06-16T21:33:36.648+00:00 _level=INFO _msg=Query Configuration changed for loglevel. New value is info 
_time=2020-06-16T21:33:36.648+00:00 _level=INFO _msg=Query Configuration changed for completed-threshold. New value is 1000 
_time=2020-06-16T21:33:36.648+00:00 _level=INFO _msg=Query Configuration changed for pipeline-cap. New value is 512 
_time=2020-06-16T21:33:36.648+00:00 _level=INFO _msg=Query Configuration changed for scan-cap. New value is 512 
_time=2020-06-16T21:33:36.648+00:00 _level=INFO _msg=Query Configuration changed for n1ql-feat-ctrl. New value is 12 
_time=2020-06-16T21:33:36.648+00:00 _level=INFO _msg=Query Configuration changed for completed-limit. New value is 4000 
_time=2020-06-16T21:33:36.648+00:00 _level=INFO _msg=HttpEndpoint: Listen Address=[::]:8093 
_time=2020-06-16T21:33:36.663+00:00 _level=INFO _msg=HttpEndpoint: ListenTLS Address=[::]:18093 
_time=2020-06-16T21:33:36.663+00:00 _level=ERROR _msg=Updating node-to-node encryption level: {EncryptData:false DisableNonSSLPorts:false} 
_time=2020-06-16T21:33:36.696+00:00 _level=INFO _msg=Unable to initialize functions cache monitor Could not access functions change counter because <nil> 
2020-06-16T21:33:37.109+00:00 [INFO] c8:55:a4:4:7f:a7:3e:12 7400847236744371707 : Initialized isolate
2020-06-16T21:33:37.142+00:00 [INFO] Reponse : Message:"Evaluator initialized successfully" 
2020/06/16 21:33:37 cfg_metakv: metaKVCallback, path: /fts/cbgt/cfg/nodeDefs-known/a771316973056c9759aee152c7c79f8b, key: nodeDefs-known/a771316973056c9759aee152c7c79f8b, deletion: false
2020/06/16 21:33:37 cfg_metakv: metaKVCallback, path: /fts/cbgt/cfg/nodeDefs-wanted/a771316973056c9759aee152c7c79f8b, key: nodeDefs-wanted/a771316973056c9759aee152c7c79f8b, deletion: false
2020/06/16 21:33:37 cfg_metakv: metaKVCallback, path: /fts/cbgt/cfg/version, key: version, deletion: false
_time=2020-06-16T21:33:37.645+00:00 _level=INFO _msg=Starting audit update stream 
2020-06-16T21:33:37.765+00:00 [INFO] 7:77:3f:31:76:5a:6e:f7 4619336626491850981 : Initialized isolate
2020-06-16T21:33:37.785+00:00 [INFO] Reponse : Message:"Evaluator initialized successfully" 
_time=2020-06-16T21:34:09.436+00:00 _level=INFO _msg=Created New Bucket platzi 
2020-06-16T21:34:09.521+00:00 [Info] creating GsiClient for 127.0.0.1:8091
2020-06-16T21:34:09.521+00:00 [Info] Recieve security change notification. encryption=false
2020-06-16T21:34:09.642+00:00 [Info] Certificate refreshed successfully
2020-06-16T21:34:09.885+00:00 [Info] New settings received: 
{"indexer.settings.compaction.days_of_week":"Sunday,Monday,Tuesday,Wednesday,Thursday,Friday,Saturday","indexer.settings.compaction.interval":"00:00,00:00","indexer.settings.persisted_snapshot.interval":5000,"indexer.settings.log_level":"info","indexer.settings.compaction.compaction_mode":"circular","indexer.settings.compaction.min_frag":30,"indexer.settings.inmemory_snapshot.interval":200,"indexer.settings.max_cpu_percent":0,"indexer.settings.storage_mode":"memory_optimized","indexer.settings.recovery.max_rollbacks":2,"indexer.settings.memory_quota":536870912,"indexer.settings.compaction.abort_exceed_interval":false}
2020-06-16T21:34:10.231+00:00 [Info] security context initialized
2020-06-16T21:34:10.231+00:00 [Info] security port mapping updated : map[8093:18093 9101:9101 9103:9103 9104:9104 9999:9999 11210:11207 9100:9100 9102:19102 9105:9105]
2020-06-16T21:34:10.466+00:00 [Info] MetadataProvider.SetClusterStatus(): healthy nodes 1 failed node 0 unhealthy node 0 add node 0
2020-06-16T21:34:10.466+00:00 [Info] Refreshing indexer list due to cluster changes or auto-refresh.
2020-06-16T21:34:10.466+00:00 [Info] Refreshed Indexer List: [127.0.0.1:9100]
2020-06-16T21:34:10.466+00:00 [Info] MetadataProvider.WatchMetadata(): indexer 127.0.0.1:9100
2020-06-16T21:34:10.762+00:00 [Info] WatchMetadata(): successfully reach indexer at 127.0.0.1:9100.
2020-06-16T21:34:10.830+00:00 [Info] MetadataProvider: Posting indexer version to metakv. Version=4
2020-06-16T21:34:10.830+00:00 [Info] MetadataProvider: Updating indexer version to 4
2020-06-16T21:34:10.830+00:00 [Info] initialized currmeta 1 force true 
2020-06-16T21:34:10.830+00:00 [Info] [Queryport-connpool:127.0.0.1:9101] started poolsize 5000 overflow 30 low WM 1000 relConn batch size 100 ...
2020-06-16T21:34:10.830+00:00 [Info] [GsiScanClient:"127.0.0.1:9101"] started ...
2020-06-16T21:34:10.832+00:00 [Info] [Queryport-connpool:127.0.0.1:9101] open new connection ...
2020-06-16T21:34:10.847+00:00 [Info] GsiClient::UpdateUsecjson: using collatejson as data format between indexer and GsiClient
2020-06-16T21:34:10.848+00:00 [Info] GsiClient::UpdateUsecjson: using collatejson as data format between indexer and GsiClient
2020-06-16T21:34:10.848+00:00 [Info] GSIC[default/platzi-1592343249453495799] started ...
2020-06-16T21:34:10.850+00:00 [Info] Recieve security change notification. encryption=false
2020-06-16T21:34:10.882+00:00 [Info] servicesChangeNotifier: Creating new notifier instance for http://%40cbq-engine-cbauth@127.0.0.1:8091, default
_time=2020-06-16T21:34:10.902+00:00 _level=INFO _msg=n1fty: server: http://127.0.0.1:8091, namespace: default, keyspace: platzi 
2020-06-16T21:34:10.902+00:00 [Info] Certificate refreshed successfully
2020-06-16T21:34:11.005+00:00 [Info] serviceChangeNotifier: received ServiceChangeNotification
2020-06-16T21:34:11.098+00:00 [Info] serviceChangeNotifier: received PoolChangeNotification
2020-06-16T21:34:11.181+00:00 [INFO]  Trying with http://127.0.0.1:8091/pools/default/bucketsStreaming/platzi 
2020-06-16T21:34:11.323+00:00 [Info] Refreshing indexer list due to cluster changes or auto-refresh.
2020-06-16T21:34:11.324+00:00 [Info] Refreshed Indexer List: [127.0.0.1:9100]
2020-06-16T21:34:11.406+00:00 [INFO] Got new configuration for bucket platzi 
2020-06-16T21:34:11.586+00:00 [Info] switched currmeta from 1 -> 1 force true 
2020-06-16T21:34:11.862+00:00 [Info] Refreshing indexer list due to cluster changes or auto-refresh.
2020-06-16T21:34:11.862+00:00 [Info] Refreshed Indexer List: [127.0.0.1:9100]
2020-06-16T21:34:11.869+00:00 [Info] switched currmeta from 1 -> 1 force true 
2020-06-16T21:34:12.047+00:00 [INFO] Using plain authentication for user <ud>@cbq-engine</ud> 
2020-06-16T21:34:18.205+00:00 [Info] CreateIndex platzi #primary ...
2020-06-16T21:34:18.218+00:00 [Info] send prepare create request to watcher 127.0.0.1:9100
2020-06-16T21:34:18.232+00:00 [Info] Indexer 127.0.0.1:9100 accept prepare request. Index (platzi, #primary)
2020-06-16T21:34:18.358+00:00 [Info] Planner::processCreateToken: There is no create token to process for node 127.0.0.1:8091
2020-06-16T21:34:18.387+00:00 [Info] Planner::processDeleteToken: There is no delete token to process for node 127.0.0.1:8091
2020-06-16T21:34:18.414+00:00 [Info] Planner::processDropInstanceToken: There is no drop instance token to process for node 127.0.0.1:8091
2020-06-16T21:34:18.510+00:00 [Info] ************ Indexer Layout *************
2020-06-16T21:34:18.510+00:00 [Info] Score: 0
2020-06-16T21:34:18.510+00:00 [Info] variation: 0
2020-06-16T21:34:18.510+00:00 [Info] ElapsedTime: 3ms
2020-06-16T21:34:18.510+00:00 [Info] ConvergenceTime: 70ns
2020-06-16T21:34:18.510+00:00 [Info] Iteration: 0
2020-06-16T21:34:18.510+00:00 [Info] Move: 0
2020-06-16T21:34:18.510+00:00 [Info] ----------------------------------------
2020-06-16T21:34:18.510+00:00 [Info] Indexer Memory Mean 429496729 (409.6M)
2020-06-16T21:34:18.510+00:00 [Info] Indexer Memory Deviation 0 (0) (0.00%)
2020-06-16T21:34:18.510+00:00 [Info] Indexer Memory Utilization 0.8000
2020-06-16T21:34:18.510+00:00 [Info] Indexer CPU Mean 0.0000
2020-06-16T21:34:18.510+00:00 [Info] Indexer CPU Deviation 0.00 (0.00%)
2020-06-16T21:34:18.510+00:00 [Info] Indexer CPU Utilization 0.0000
2020-06-16T21:34:18.510+00:00 [Info] Indexer IO Mean 0.0000
2020-06-16T21:34:18.510+00:00 [Info] Indexer IO Deviation 0.00 (0.00%)
2020-06-16T21:34:18.510+00:00 [Info] Indexer Drain Rate Mean 0.0000
2020-06-16T21:34:18.510+00:00 [Info] Indexer Drain Rate Deviation 0.00 (0.00%)
2020-06-16T21:34:18.510+00:00 [Info] Indexer Scan Rate Mean 0.0000
2020-06-16T21:34:18.510+00:00 [Info] Indexer Scan Rate Deviation 0.00 (0.00%)
2020-06-16T21:34:18.510+00:00 [Info] Indexer Data Size Mean 429496729 (409.6M)
2020-06-16T21:34:18.510+00:00 [Info] Indexer Data Size Deviation 0 (0) (0.00%)
2020-06-16T21:34:18.510+00:00 [Info] Total Index Data (from non-deleted node) 0
2020-06-16T21:34:18.510+00:00 [Info] Index Data Moved (exclude new node) 0 (0.00%)
2020-06-16T21:34:18.510+00:00 [Info] No. Index (from non-deleted node) 0
2020-06-16T21:34:18.510+00:00 [Info] No. Index Moved (exclude new node) 0 (0.00%)
2020-06-16T21:34:18.510+00:00 [Info] ----------------------------------------
2020-06-16T21:34:18.510+00:00 [Info] Number of indexes: 1
2020-06-16T21:34:18.510+00:00 [Info] Number of indexers: 1
2020-06-16T21:34:18.510+00:00 [Info] Avg Index Size: 429496729 (409.6M)
2020-06-16T21:34:18.510+00:00 [Info] Max Index Size: 429496729 (409.6M)
2020-06-16T21:34:18.510+00:00 [Info] Max Indexer Overhead: 0 (0)
2020-06-16T21:34:18.510+00:00 [Info] Avg Index Cpu: 0.0000
2020-06-16T21:34:18.510+00:00 [Info] Max Index Cpu: 0.0000
2020-06-16T21:34:18.510+00:00 [Info] Num Estimation Run: 1
2020-06-16T21:34:18.510+00:00 [Info] ----------------------------------------
2020-06-16T21:34:18.510+00:00 [Info] Memory Quota 536870912 (512M)
2020-06-16T21:34:18.510+00:00 [Info] CPU Quota 2
2020-06-16T21:34:18.510+00:00 [Info] Max Cpu Utilization -1
2020-06-16T21:34:18.510+00:00 [Info] Max Memory Utilization -1
2020-06-16T21:34:18.510+00:00 [Info] ----------------------------------------
2020-06-16T21:34:18.510+00:00 [Info] Total iteration: 0
2020-06-16T21:34:18.510+00:00 [Info] RandomSwap time: 0ns
2020-06-16T21:34:18.510+00:00 [Info] RandomSwap call: 0
2020-06-16T21:34:18.510+00:00 [Info] RandomSwap iteration: 0
2020-06-16T21:34:18.510+00:00 [Info] RandomMove time: 0ns
2020-06-16T21:34:18.510+00:00 [Info] RandomMove call: 0 (empty index 0)
2020-06-16T21:34:18.510+00:00 [Info] ExhaustMove time: 0ns
2020-06-16T21:34:18.510+00:00 [Info] ExhaustMove call: 0
2020-06-16T21:34:18.510+00:00 [Info] ExhaustSwap time: 0ns
2020-06-16T21:34:18.510+00:00 [Info] ExhaustSwap call: 0
2020-06-16T21:34:18.510+00:00 [Info] ----------------------------------------
2020-06-16T21:34:18.510+00:00 [Info] 
2020-06-16T21:34:18.510+00:00 [Info] Indexer serverGroup:Group 1, nodeId:127.0.0.1:8091, nodeUUID:a771316973056c9759aee152c7c79f8b, useLiveData:true
2020-06-16T21:34:18.510+00:00 [Info] Indexer total memory:429496729 (409.6M), mem:429496729 (409.6M), overhead:0 (0), min:429496729 (409.6M), data:429496729 (409.6M) cpu:0.0000, io:0 (0), scan:0 drain:0 numIndexes:1
2020-06-16T21:34:18.510+00:00 [Info] Indexer isDeleted:false isNew:false exclude: meetConstraint:true
2020-06-16T21:34:18.510+00:00 [Info] 		------------------------------------------------------------------------------------------------------------------
2020-06-16T21:34:18.510+00:00 [Info] 		Index name:#primary 0, bucket:platzi, defnId:4683226085357154966, instId:3654395755159396746, Partition: 0, new/moved:true
2020-06-16T21:34:18.510+00:00 [Info] 		Index total memory:429496729 (409.6M), mem:429496729 (409.6M), overhead:0 (0), min:429496729 (409.6M), data:429496729 (409.6M) cpu:0.0000 io:0 (0) scan:0 drain:0
2020-06-16T21:34:18.510+00:00 [Info] 		Index resident:0% build:0% estimated:true equivCheck:true pendingCreate:false pendingDelete:false
2020-06-16T21:34:18.510+00:00 [Info] ****************************************
2020-06-16T21:34:18.511+00:00 [Info] send commit create request to watcher 127.0.0.1:9100
2020-06-16T21:34:18.601+00:00 [Info] Refreshing indexer list due to cluster changes or auto-refresh.
2020-06-16T21:34:18.601+00:00 [Info] Refreshed Indexer List: [127.0.0.1:9100]
2020-06-16T21:34:18.605+00:00 [Info] switched currmeta from 1 -> 3 force true 
2020-06-16T21:34:18.720+00:00 [Info] Refreshing indexer list due to cluster changes or auto-refresh.
2020-06-16T21:34:18.720+00:00 [Info] Refreshed Indexer List: [127.0.0.1:9100]
2020-06-16T21:34:18.727+00:00 [Info] switched currmeta from 3 -> 5 force true 
2020-06-16T21:34:18.778+00:00 [Info] Refreshing indexer list due to cluster changes or auto-refresh.
2020-06-16T21:34:18.778+00:00 [Info] Refreshed Indexer List: [127.0.0.1:9100]
2020-06-16T21:34:18.790+00:00 [Info] switched currmeta from 5 -> 5 force true 
2020-06-16T21:34:19.113+00:00 [Info] Refreshing indexer list due to cluster changes or auto-refresh.
2020-06-16T21:34:19.114+00:00 [Info] Refreshed Indexer List: [127.0.0.1:9100]
2020-06-16T21:34:19.150+00:00 [Info] switched currmeta from 5 -> 6 force true 
2020-06-16T21:34:22.886+00:00 [Info] CreateIndex 4683226085357154966 platzi/#primary using:GSI exprType:N1QL whereExpr:<ud>()</ud> secExprs:<ud>([])</ud> desc:[] isPrimary:true scheme:SINGLE  partitionKeys:<ud>([])</ud> with: - elapsed(4.680408623s) err(<nil>)
2020-06-16T21:34:22.886+00:00 [Info] metadata provider version changed 6 -> 7
2020-06-16T21:34:22.886+00:00 [Info] switched currmeta from 6 -> 7 force false 
2020-06-16T21:34:22.886+00:00 [Info] GsiClient::UpdateUsecjson: using collatejson as data format between indexer and GsiClient
2020-06-16T21:34:23.082+00:00 [Info] Refreshing indexer list due to cluster changes or auto-refresh.
2020-06-16T21:34:23.082+00:00 [Info] Refreshed Indexer List: [127.0.0.1:9100]
2020-06-16T21:34:23.104+00:00 [Info] switched currmeta from 7 -> 7 force true 
2020-06-16T21:34:23.230+00:00 [Info] serviceChangeNotifier: received PoolChangeNotification
2020-06-16T21:34:23.357+00:00 [Info] Refreshing indexer list due to cluster changes or auto-refresh.
2020-06-16T21:34:23.357+00:00 [Info] Refreshed Indexer List: [127.0.0.1:9100]
2020-06-16T21:34:23.365+00:00 [Info] switched currmeta from 7 -> 7 force true 
2020-06-16T21:34:26.136+00:00 [Info] Rollback time has changed for index inst 5944500883951093624. New rollback time 1592343258675290089
2020-06-16T21:35:10.786+00:00 [Info] connected with 1 indexers
2020-06-16T21:35:10.787+00:00 [Info] index 4683226085357154966 has replicas [5944500883951093624]: 
2020-06-16T21:35:10.787+00:00 [Info] index 4683226085357154966 has equivalents [4683226085357154966]: 
2020-06-16T21:35:10.787+00:00 [Info] client load stats {"5944500883951093624": 0}
2020-06-16T21:35:10.787+00:00 [Info] client hit stats {"5944500883951093624": 0}
2020-06-16T21:35:10.787+00:00 [Info] client pending item stats {"5944500883951093624": 9223372036854775807}
2020-06-16T21:35:10.787+00:00 [Info] client stats current {"5944500883951093624": true}
2020-06-16T21:35:10.804+00:00 [Info] num concurrent scans {0}
2020-06-16T21:35:10.805+00:00 [Info] average scan response {0 ms}
2020-06-16T21:35:10.849+00:00 [Info] [Queryport-connpool:127.0.0.1:9101] active conns 0, free conns 1
2020-06-16T21:36:10.741+00:00 [Info] connected with 1 indexers
2020-06-16T21:36:10.741+00:00 [Info] index 4683226085357154966 has replicas [5944500883951093624]: 
2020-06-16T21:36:10.741+00:00 [Info] index 4683226085357154966 has equivalents [4683226085357154966]: 
2020-06-16T21:36:10.741+00:00 [Info] client load stats {"5944500883951093624": 0}
2020-06-16T21:36:10.741+00:00 [Info] client hit stats {"5944500883951093624": 0}
2020-06-16T21:36:10.741+00:00 [Info] client pending item stats {"5944500883951093624": 9223372036854775807}
2020-06-16T21:36:10.741+00:00 [Info] client stats current {"5944500883951093624": true}
2020-06-16T21:36:10.759+00:00 [Info] num concurrent scans {0}
2020-06-16T21:36:10.759+00:00 [Info] average scan response {0 ms}
2020-06-16T21:36:11.086+00:00 [Info] [Queryport-connpool:127.0.0.1:9101] active conns 0, free conns 1
2020-06-16T21:37:10.700+00:00 [Info] connected with 1 indexers
2020-06-16T21:37:10.700+00:00 [Info] index 4683226085357154966 has replicas [5944500883951093624]: 
2020-06-16T21:37:10.700+00:00 [Info] index 4683226085357154966 has equivalents [4683226085357154966]: 
2020-06-16T21:37:10.700+00:00 [Info] client load stats {"5944500883951093624": 0}
2020-06-16T21:37:10.700+00:00 [Info] client hit stats {"5944500883951093624": 0}
2020-06-16T21:37:10.700+00:00 [Info] client pending item stats {"5944500883951093624": 9223372036854775807}
2020-06-16T21:37:10.700+00:00 [Info] client stats current {"5944500883951093624": true}
2020-06-16T21:37:10.715+00:00 [Info] num concurrent scans {0}
2020-06-16T21:37:10.715+00:00 [Info] average scan response {0 ms}
2020-06-16T21:37:11.109+00:00 [Info] [Queryport-connpool:127.0.0.1:9101] active conns 0, free conns 1
2020-06-16T21:38:10.651+00:00 [Info] connected with 1 indexers
2020-06-16T21:38:10.652+00:00 [Info] index 4683226085357154966 has replicas [5944500883951093624]: 
2020-06-16T21:38:10.652+00:00 [Info] index 4683226085357154966 has equivalents [4683226085357154966]: 
2020-06-16T21:38:10.652+00:00 [Info] client load stats {"5944500883951093624": 0}
2020-06-16T21:38:10.652+00:00 [Info] client hit stats {"5944500883951093624": 0}
2020-06-16T21:38:10.652+00:00 [Info] client pending item stats {"5944500883951093624": 9223372036854775807}
2020-06-16T21:38:10.652+00:00 [Info] client stats current {"5944500883951093624": true}
2020-06-16T21:38:10.670+00:00 [Info] num concurrent scans {0}
2020-06-16T21:38:10.670+00:00 [Info] average scan response {0 ms}
2020-06-16T21:38:11.117+00:00 [Info] [Queryport-connpool:127.0.0.1:9101] active conns 0, free conns 1
